[2025-09-04 01:15:27,535] WARNING django.request Bad Request: /carts/add_item/
[2025-09-04 01:16:21,784] INFO django.utils.autoreload E:\WebGame\games\webgames\views.py changed, reloading.
[2025-09-04 01:16:23,467] INFO django.utils.autoreload Watching for file changes with StatReloader
[2025-09-04 01:31:02,369] WARNING django.request Unauthorized: /carts/items/
[2025-09-04 01:34:01,490] INFO django.utils.autoreload E:\WebGame\games\Web\settings.py changed, reloading.
[2025-09-04 01:34:03,005] INFO django.utils.autoreload Watching for file changes with StatReloader
[2025-09-04 01:35:01,742] INFO django.utils.autoreload E:\WebGame\games\Web\settings.py changed, reloading.
[2025-09-04 01:35:03,156] INFO django.utils.autoreload Watching for file changes with StatReloader
[2025-09-04 01:39:47,080] WARNING django.request Unauthorized: /users/current_user/
[2025-09-04 01:43:11,970] INFO django.utils.autoreload E:\WebGame\games\webgames\vnpay.py changed, reloading.
[2025-09-04 01:43:13,554] INFO django.utils.autoreload Watching for file changes with StatReloader
[2025-09-04 01:44:33,012] INFO django.utils.autoreload E:\WebGame\games\Web\settings.py changed, reloading.
[2025-09-04 01:44:34,289] INFO django.utils.autoreload Watching for file changes with StatReloader
[2025-09-04 01:45:02,512] WARNING django.request Unauthorized: /users/current_user/
[2025-09-04 01:48:17,110] INFO django.utils.autoreload E:\WebGame\games\webgames\vnpay.py changed, reloading.
[2025-09-04 01:48:18,555] INFO django.utils.autoreload Watching for file changes with StatReloader
[2025-09-04 01:58:56,205] INFO django.utils.autoreload E:\WebGame\games\webgames\vnpay.py changed, reloading.
[2025-09-04 01:58:57,676] INFO django.utils.autoreload Watching for file changes with StatReloader
[2025-09-04 02:01:35,811] WARNING django.request Unauthorized: /users/current_user/
[2025-09-04 02:01:45,087] INFO webgames.momo [MoMo] Response status: 200
[2025-09-04 02:01:45,087] INFO webgames.momo [MoMo] Response body: {"partnerCode":"MOMO","orderId":"ORDER_134_674c3579","requestId":"674c3579-22bf-4a28-b9f6-c041b3611ed4","amount":180000,"responseTime":1756926105926,"message":"Thành công.","resultCode":0,"payUrl":"https://test-payment.momo.vn/v2/gateway/pay?t=TU9NT3xPUkRFUl8xMzRfNjc0YzM1Nzk&s=cb46e5419e627198fa173e48e733065f5843fd8295d8c8af5c82728adb7282d3","deeplink":"momo://app?action=payWithApp&isScanQR=false&serviceType=app&sid=TU9NT3xPUkRFUl8xMzRfNjc0YzM1Nzk&v=3.0","qrCodeUrl":"momo://app?action=payWithApp&isScanQR=true&serviceType=qr&sid=TU9NT3xPUkRFUl8xMzRfNjc0YzM1Nzk&v=3.0","deeplinkMiniApp":"momo://app?action=payWithApp&isScanQR=false&serviceType=miniapp&sid=TU9NT3xPUkRFUl8xMzRfNjc0YzM1Nzk&v=3.0"}
[2025-09-04 02:20:00,945] INFO django.utils.autoreload Watching for file changes with StatReloader
[2025-09-04 02:20:04,055] WARNING django.request Not Found: /favicon.ico
[2025-09-04 02:20:15,848] WARNING drf_yasg.inspectors.base view's OrderViewSet raised exception during schema generation; use `getattr(self, 'swagger_fake_view', False)` to detect and short-circuit this
Traceback (most recent call last):
  File "E:\WebGame\venv\games\Lib\site-packages\drf_yasg\inspectors\base.py", line 42, in call_view_method
    return view_method()
  File "E:\WebGame\games\webgames\views.py", line 335, in get_queryset
    return Order.objects.filter(customer=self.request.user.account).order_by('-created_at')
                                         ^^^^^^^^^^^^^^^^^^^^^^^^^
AttributeError: 'AnonymousUser' object has no attribute 'account'
[2025-09-04 02:20:41,919] WARNING django.request Unauthorized: /users/current_user/
[2025-09-04 02:23:37,877] INFO django.utils.autoreload E:\WebGame\games\webgames\vnpay.py changed, reloading.
[2025-09-04 02:23:39,420] INFO django.utils.autoreload Watching for file changes with StatReloader
[2025-09-04 02:23:47,970] INFO django.utils.autoreload E:\WebGame\games\webgames\vnpay.py changed, reloading.
[2025-09-04 02:23:49,383] INFO django.utils.autoreload Watching for file changes with StatReloader
[2025-09-04 02:25:47,724] INFO django.utils.autoreload E:\WebGame\games\webgames\urls.py changed, reloading.
[2025-09-04 02:25:49,160] INFO django.utils.autoreload Watching for file changes with StatReloader
[2025-09-04 02:25:58,582] INFO django.utils.autoreload E:\WebGame\games\webgames\urls.py changed, reloading.
[2025-09-04 02:25:59,873] INFO django.utils.autoreload Watching for file changes with StatReloader
[2025-09-04 02:27:28,152] WARNING django.request Unauthorized: /users/current_user/
[2025-09-04 02:34:06,407] INFO django.utils.autoreload E:\WebGame\games\webgames\views.py changed, reloading.
[2025-09-04 02:34:08,029] INFO django.utils.autoreload Watching for file changes with StatReloader
[2025-09-04 02:36:17,222] INFO django.utils.autoreload E:\WebGame\games\webgames\webhook_vnpay.py changed, reloading.
[2025-09-04 02:36:18,628] INFO django.utils.autoreload Watching for file changes with StatReloader
[2025-09-04 02:37:35,647] INFO django.utils.autoreload E:\WebGame\games\webgames\vnpay.py changed, reloading.
[2025-09-04 02:37:37,045] INFO django.utils.autoreload Watching for file changes with StatReloader
[2025-09-04 02:55:18,641] INFO django.utils.autoreload E:\WebGame\games\webgames\views.py changed, reloading.
[2025-09-04 02:55:20,264] INFO django.utils.autoreload Watching for file changes with StatReloader
[2025-09-04 03:00:16,391] WARNING django.request Unauthorized: /users/current_user/
[2025-09-04 03:00:17,445] WARNING django.request Unauthorized: /users/current_user/
[2025-09-04 03:03:40,661] INFO django.utils.autoreload E:\WebGame\games\webgames\views.py changed, reloading.
[2025-09-04 03:03:42,467] INFO django.utils.autoreload Watching for file changes with StatReloader
[2025-09-04 03:05:53,137] INFO django.utils.autoreload E:\WebGame\games\webgames\views.py changed, reloading.
[2025-09-04 03:05:54,507] INFO django.utils.autoreload Watching for file changes with StatReloader
[2025-09-04 03:06:43,981] INFO django.utils.autoreload E:\WebGame\games\webgames\views.py changed, reloading.
[2025-09-04 03:06:45,289] INFO django.utils.autoreload Watching for file changes with StatReloader
[2025-09-04 03:06:57,292] WARNING django.request Unauthorized: /users/current_user/
[2025-09-04 03:07:05,459] ERROR django.request Internal Server Error: /payments/vnpay/
Traceback (most recent call last):
  File "E:\WebGame\venv\games\Lib\site-packages\rest_framework\views.py", line 503, in dispatch
    self.initial(request, *args, **kwargs)
    ~~~~~~~~~~~~^^^^^^^^^^^^^^^^^^^^^^^^^^
  File "E:\WebGame\venv\games\Lib\site-packages\rest_framework\views.py", line 409, in initial
    self.format_kwarg = self.get_format_suffix(**kwargs)
                        ~~~~~~~~~~~~~~~~~~~~~~^^^^^^^^^^
  File "E:\WebGame\venv\games\Lib\site-packages\rest_framework\views.py", line 259, in get_format_suffix
    if self.settings.FORMAT_SUFFIX_KWARG:
       ^^^^^^^^^^^^^^^^^^^^^^^^^^^^^^^^^
  File "E:\WebGame\venv\games\Lib\site-packages\django\conf\__init__.py", line 83, in __getattr__
    val = getattr(_wrapped, name)
AttributeError: 'Settings' object has no attribute 'FORMAT_SUFFIX_KWARG'

During handling of the above exception, another exception occurred:

Traceback (most recent call last):
  File "E:\WebGame\venv\games\Lib\site-packages\django\core\handlers\exception.py", line 55, in inner
    response = get_response(request)
  File "E:\WebGame\venv\games\Lib\site-packages\django\core\handlers\base.py", line 197, in _get_response
    response = wrapped_callback(request, *callback_args, **callback_kwargs)
  File "E:\WebGame\venv\games\Lib\site-packages\django\views\decorators\csrf.py", line 65, in _view_wrapper
    return view_func(request, *args, **kwargs)
  File "E:\WebGame\venv\games\Lib\site-packages\rest_framework\viewsets.py", line 125, in view
    return self.dispatch(request, *args, **kwargs)
           ~~~~~~~~~~~~~^^^^^^^^^^^^^^^^^^^^^^^^^^
  File "E:\WebGame\venv\games\Lib\site-packages\rest_framework\views.py", line 515, in dispatch
    response = self.handle_exception(exc)
  File "E:\WebGame\venv\games\Lib\site-packages\rest_framework\views.py", line 469, in handle_exception
    exception_handler = self.get_exception_handler()
  File "E:\WebGame\venv\games\Lib\site-packages\rest_framework\views.py", line 304, in get_exception_handler
    return self.settings.EXCEPTION_HANDLER
           ^^^^^^^^^^^^^^^^^^^^^^^^^^^^^^^
  File "E:\WebGame\venv\games\Lib\site-packages\django\conf\__init__.py", line 83, in __getattr__
    val = getattr(_wrapped, name)
AttributeError: 'Settings' object has no attribute 'EXCEPTION_HANDLER'
[2025-09-04 03:07:17,105] ERROR django.request Internal Server Error: /payments/vnpay/
Traceback (most recent call last):
  File "E:\WebGame\venv\games\Lib\site-packages\rest_framework\views.py", line 503, in dispatch
    self.initial(request, *args, **kwargs)
    ~~~~~~~~~~~~^^^^^^^^^^^^^^^^^^^^^^^^^^
  File "E:\WebGame\venv\games\Lib\site-packages\rest_framework\views.py", line 409, in initial
    self.format_kwarg = self.get_format_suffix(**kwargs)
                        ~~~~~~~~~~~~~~~~~~~~~~^^^^^^^^^^
  File "E:\WebGame\venv\games\Lib\site-packages\rest_framework\views.py", line 259, in get_format_suffix
    if self.settings.FORMAT_SUFFIX_KWARG:
       ^^^^^^^^^^^^^^^^^^^^^^^^^^^^^^^^^
  File "E:\WebGame\venv\games\Lib\site-packages\django\conf\__init__.py", line 83, in __getattr__
    val = getattr(_wrapped, name)
AttributeError: 'Settings' object has no attribute 'FORMAT_SUFFIX_KWARG'

During handling of the above exception, another exception occurred:

Traceback (most recent call last):
  File "E:\WebGame\venv\games\Lib\site-packages\django\core\handlers\exception.py", line 55, in inner
    response = get_response(request)
  File "E:\WebGame\venv\games\Lib\site-packages\django\core\handlers\base.py", line 197, in _get_response
    response = wrapped_callback(request, *callback_args, **callback_kwargs)
  File "E:\WebGame\venv\games\Lib\site-packages\django\views\decorators\csrf.py", line 65, in _view_wrapper
    return view_func(request, *args, **kwargs)
  File "E:\WebGame\venv\games\Lib\site-packages\rest_framework\viewsets.py", line 125, in view
    return self.dispatch(request, *args, **kwargs)
           ~~~~~~~~~~~~~^^^^^^^^^^^^^^^^^^^^^^^^^^
  File "E:\WebGame\venv\games\Lib\site-packages\rest_framework\views.py", line 515, in dispatch
    response = self.handle_exception(exc)
  File "E:\WebGame\venv\games\Lib\site-packages\rest_framework\views.py", line 469, in handle_exception
    exception_handler = self.get_exception_handler()
  File "E:\WebGame\venv\games\Lib\site-packages\rest_framework\views.py", line 304, in get_exception_handler
    return self.settings.EXCEPTION_HANDLER
           ^^^^^^^^^^^^^^^^^^^^^^^^^^^^^^^
  File "E:\WebGame\venv\games\Lib\site-packages\django\conf\__init__.py", line 83, in __getattr__
    val = getattr(_wrapped, name)
AttributeError: 'Settings' object has no attribute 'EXCEPTION_HANDLER'
[2025-09-04 03:09:36,759] INFO django.utils.autoreload E:\WebGame\games\webgames\views.py changed, reloading.
[2025-09-04 03:09:38,436] INFO django.utils.autoreload Watching for file changes with StatReloader
[2025-09-04 03:10:40,202] INFO django.utils.autoreload E:\WebGame\games\webgames\views.py changed, reloading.
[2025-09-04 03:10:41,668] INFO django.utils.autoreload Watching for file changes with StatReloader
[2025-09-04 03:10:46,446] ERROR django.request Internal Server Error: /payments/vnpay/
Traceback (most recent call last):
  File "E:\WebGame\venv\games\Lib\site-packages\rest_framework\views.py", line 503, in dispatch
    self.initial(request, *args, **kwargs)
    ~~~~~~~~~~~~^^^^^^^^^^^^^^^^^^^^^^^^^^
  File "E:\WebGame\venv\games\Lib\site-packages\rest_framework\views.py", line 409, in initial
    self.format_kwarg = self.get_format_suffix(**kwargs)
                        ~~~~~~~~~~~~~~~~~~~~~~^^^^^^^^^^
  File "E:\WebGame\venv\games\Lib\site-packages\rest_framework\views.py", line 259, in get_format_suffix
    if self.settings.FORMAT_SUFFIX_KWARG:
       ^^^^^^^^^^^^^^^^^^^^^^^^^^^^^^^^^
  File "E:\WebGame\venv\games\Lib\site-packages\django\conf\__init__.py", line 83, in __getattr__
    val = getattr(_wrapped, name)
AttributeError: 'Settings' object has no attribute 'FORMAT_SUFFIX_KWARG'

During handling of the above exception, another exception occurred:

Traceback (most recent call last):
  File "E:\WebGame\venv\games\Lib\site-packages\django\core\handlers\exception.py", line 55, in inner
    response = get_response(request)
  File "E:\WebGame\venv\games\Lib\site-packages\django\core\handlers\base.py", line 197, in _get_response
    response = wrapped_callback(request, *callback_args, **callback_kwargs)
  File "E:\WebGame\venv\games\Lib\site-packages\django\views\decorators\csrf.py", line 65, in _view_wrapper
    return view_func(request, *args, **kwargs)
  File "E:\WebGame\venv\games\Lib\site-packages\rest_framework\viewsets.py", line 125, in view
    return self.dispatch(request, *args, **kwargs)
           ~~~~~~~~~~~~~^^^^^^^^^^^^^^^^^^^^^^^^^^
  File "E:\WebGame\venv\games\Lib\site-packages\rest_framework\views.py", line 515, in dispatch
    response = self.handle_exception(exc)
  File "E:\WebGame\venv\games\Lib\site-packages\rest_framework\views.py", line 469, in handle_exception
    exception_handler = self.get_exception_handler()
  File "E:\WebGame\venv\games\Lib\site-packages\rest_framework\views.py", line 304, in get_exception_handler
    return self.settings.EXCEPTION_HANDLER
           ^^^^^^^^^^^^^^^^^^^^^^^^^^^^^^^
  File "E:\WebGame\venv\games\Lib\site-packages\django\conf\__init__.py", line 83, in __getattr__
    val = getattr(_wrapped, name)
AttributeError: 'Settings' object has no attribute 'EXCEPTION_HANDLER'
[2025-09-04 03:11:06,292] INFO django.utils.autoreload E:\WebGame\games\webgames\views.py changed, reloading.
[2025-09-04 03:11:07,641] INFO django.utils.autoreload Watching for file changes with StatReloader
[2025-09-04 03:11:10,582] ERROR django.request Internal Server Error: /payments/vnpay/
Traceback (most recent call last):
  File "E:\WebGame\venv\games\Lib\site-packages\rest_framework\views.py", line 503, in dispatch
    self.initial(request, *args, **kwargs)
    ~~~~~~~~~~~~^^^^^^^^^^^^^^^^^^^^^^^^^^
  File "E:\WebGame\venv\games\Lib\site-packages\rest_framework\views.py", line 409, in initial
    self.format_kwarg = self.get_format_suffix(**kwargs)
                        ~~~~~~~~~~~~~~~~~~~~~~^^^^^^^^^^
  File "E:\WebGame\venv\games\Lib\site-packages\rest_framework\views.py", line 259, in get_format_suffix
    if self.settings.FORMAT_SUFFIX_KWARG:
       ^^^^^^^^^^^^^^^^^^^^^^^^^^^^^^^^^
  File "E:\WebGame\venv\games\Lib\site-packages\django\conf\__init__.py", line 83, in __getattr__
    val = getattr(_wrapped, name)
AttributeError: 'Settings' object has no attribute 'FORMAT_SUFFIX_KWARG'

During handling of the above exception, another exception occurred:

Traceback (most recent call last):
  File "E:\WebGame\venv\games\Lib\site-packages\django\core\handlers\exception.py", line 55, in inner
    response = get_response(request)
  File "E:\WebGame\venv\games\Lib\site-packages\django\core\handlers\base.py", line 197, in _get_response
    response = wrapped_callback(request, *callback_args, **callback_kwargs)
  File "E:\WebGame\venv\games\Lib\site-packages\django\views\decorators\csrf.py", line 65, in _view_wrapper
    return view_func(request, *args, **kwargs)
  File "E:\WebGame\venv\games\Lib\site-packages\rest_framework\viewsets.py", line 125, in view
    return self.dispatch(request, *args, **kwargs)
           ~~~~~~~~~~~~~^^^^^^^^^^^^^^^^^^^^^^^^^^
  File "E:\WebGame\venv\games\Lib\site-packages\rest_framework\views.py", line 515, in dispatch
    response = self.handle_exception(exc)
  File "E:\WebGame\venv\games\Lib\site-packages\rest_framework\views.py", line 469, in handle_exception
    exception_handler = self.get_exception_handler()
  File "E:\WebGame\venv\games\Lib\site-packages\rest_framework\views.py", line 304, in get_exception_handler
    return self.settings.EXCEPTION_HANDLER
           ^^^^^^^^^^^^^^^^^^^^^^^^^^^^^^^
  File "E:\WebGame\venv\games\Lib\site-packages\django\conf\__init__.py", line 83, in __getattr__
    val = getattr(_wrapped, name)
AttributeError: 'Settings' object has no attribute 'EXCEPTION_HANDLER'
[2025-09-04 03:11:25,525] INFO django.utils.autoreload E:\WebGame\games\webgames\views.py changed, reloading.
[2025-09-04 03:11:26,872] INFO django.utils.autoreload Watching for file changes with StatReloader
[2025-09-04 03:12:21,566] INFO django.utils.autoreload E:\WebGame\games\webgames\views.py changed, reloading.
[2025-09-04 03:12:22,952] INFO django.utils.autoreload Watching for file changes with StatReloader
[2025-09-04 03:12:26,906] WARNING django.request Unauthorized: /users/current_user/
[2025-09-04 03:12:36,080] INFO webgames.views [VNPAY] Payment URL generated: https://sandbox.vnpayment.vn/paymentv2/vpcpay.html?vnp_Amount=18000000&vnp_Command=pay&vnp_CreateDate=20250904031236&vnp_CurrCode=VND&vnp_IpAddr=127.0.0.1&vnp_Locale=vn&vnp_OrderInfo=Thanh+to%C3%A1n+%C4%91%C6%A1n+h%C3%A0ng+%23148&vnp_ReturnUrl=https%3A%2F%2F5e80becd1be2.ngrok-free.app%2Fpayment_return&vnp_TmnCode=YQ25WFOQ&vnp_TxnRef=148&vnp_Version=2.1.0&vnp_SecureHash=eab746229c3fd6c0b27134d6c3ccf409593fef96d6a5204ab62ac2e11d1403e20574fd85edce20070521932a9a2a08adab56a1fd2e2dd2d27e0ed77c1549bc99
[2025-09-04 03:24:09,190] INFO webgames.views [VNPAY] Payment URL generated: https://sandbox.vnpayment.vn/paymentv2/vpcpay.html?vnp_Amount=18000000&vnp_Command=pay&vnp_CreateDate=20250904032409&vnp_CurrCode=VND&vnp_IpAddr=127.0.0.1&vnp_Locale=vn&vnp_OrderInfo=Thanh+to%C3%A1n+%C4%91%C6%A1n+h%C3%A0ng+%23149&vnp_ReturnUrl=https%3A%2F%2F5e80becd1be2.ngrok-free.app%2Fpayment_return&vnp_TmnCode=YQ25WFOQ&vnp_TxnRef=149&vnp_Version=2.1.0&vnp_SecureHash=161a348a766e7bf0069730e91fd6b5c358fa8b9630a1f44ce8d63c79ef508bf839cb9e2a0ac05fd02f0ea11fd0bac1e727221b9c115ace9f4a8b811116240dc7
[2025-09-04 03:33:02,654] INFO django.utils.autoreload Watching for file changes with StatReloader
[2025-09-04 03:33:23,993] INFO webgames.views [VNPAY] Payment URL generated: https://sandbox.vnpayment.vn/paymentv2/vpcpay.html?vnp_Amount=18000000&vnp_Command=pay&vnp_CreateDate=20250904033323&vnp_CurrCode=VND&vnp_IpAddr=127.0.0.1&vnp_Locale=vn&vnp_OrderInfo=Thanh+to%C3%A1n+%C4%91%C6%A1n+h%C3%A0ng+%23150&vnp_ReturnUrl=https%3A%2F%2F5e80becd1be2.ngrok-free.app%2Fpayment_return&vnp_TmnCode=YQ25WFOQ&vnp_TxnRef=150&vnp_Version=2.1.0&vnp_SecureHash=f2dc9c84e52cf0af713488d60a0032dddd3a7b79e8a4f5fbb997f605a1f5b29650ecaf2ea6a8183c4b6c679060924a8c2a1d00fdd850fd7735ffc7b49fc5817d
[2025-09-04 03:37:37,256] INFO django.utils.autoreload E:\WebGame\games\webgames\views.py changed, reloading.
[2025-09-04 03:37:38,764] INFO django.utils.autoreload Watching for file changes with StatReloader
[2025-09-04 03:37:45,632] INFO webgames.momo [MoMo] Response status: 200
[2025-09-04 03:37:45,632] INFO webgames.momo [MoMo] Response body: {"partnerCode":"MOMO","orderId":"ORDER_151_8319bb94","requestId":"8319bb94-6798-4849-a606-0c9d68d7e9cd","amount":180000,"responseTime":1756931866509,"message":"Thành công.","resultCode":0,"payUrl":"https://test-payment.momo.vn/v2/gateway/pay?t=TU9NT3xPUkRFUl8xNTFfODMxOWJiOTQ&s=425e7a9af425b69ba4b136ddfd933e3e5b31b484a97d1212d6df2d8a6a28fb8b","deeplink":"momo://app?action=payWithApp&isScanQR=false&serviceType=app&sid=TU9NT3xPUkRFUl8xNTFfODMxOWJiOTQ&v=3.0","qrCodeUrl":"momo://app?action=payWithApp&isScanQR=true&serviceType=qr&sid=TU9NT3xPUkRFUl8xNTFfODMxOWJiOTQ&v=3.0","deeplinkMiniApp":"momo://app?action=payWithApp&isScanQR=false&serviceType=miniapp&sid=TU9NT3xPUkRFUl8xNTFfODMxOWJiOTQ&v=3.0"}
[2025-09-04 03:38:43,041] WARNING django.request Unauthorized: /users/current_user/
[2025-09-04 03:41:16,179] INFO django.utils.autoreload E:\WebGame\games\webgames\views.py changed, reloading.
[2025-09-04 03:41:17,829] INFO django.utils.autoreload Watching for file changes with StatReloader
[2025-09-04 03:41:20,177] INFO django.utils.autoreload E:\WebGame\games\webgames\views.py changed, reloading.
[2025-09-04 03:41:21,579] INFO django.utils.autoreload Watching for file changes with StatReloader
[2025-09-04 03:42:15,462] INFO webgames.views [VNPAY] Payment URL generated: https://sandbox.vnpayment.vn/paymentv2/vpcpay.html?vnp_Amount=18000000&vnp_Command=pay&vnp_CreateDate=20250904034215&vnp_CurrCode=VND&vnp_IpAddr=127.0.0.1&vnp_Locale=vn&vnp_OrderInfo=Thanh+to%C3%A1n+%C4%91%C6%A1n+h%C3%A0ng+%23152&vnp_ReturnUrl=https%3A%2F%2F5e80becd1be2.ngrok-free.app%2Fpayment_return&vnp_TmnCode=YQ25WFOQ&vnp_TxnRef=152&vnp_Version=2.1.0&vnp_SecureHash=831ee6a1191db091b2634ac65dafd44e505c0468b8ffe53130fb89e0e0e0192a9ad17c7e381978d99224865f3a807e54a75cc9107d0d38b1efae7bf182104bcd
[2025-09-04 04:00:22,561] INFO django.utils.autoreload E:\WebGame\games\Web\settings.py changed, reloading.
[2025-09-04 04:00:24,174] INFO django.utils.autoreload Watching for file changes with StatReloader
[2025-09-04 04:00:29,645] INFO django.utils.autoreload E:\WebGame\games\Web\settings.py changed, reloading.
[2025-09-04 04:00:30,856] INFO django.utils.autoreload Watching for file changes with StatReloader
[2025-09-04 04:01:55,953] WARNING django.request Unauthorized: /users/current_user/
[2025-09-04 04:02:05,983] INFO webgames.views [VNPAY] Payment URL generated: https://sandbox.vnpayment.vn/paymentv2/vpcpay.html?vnp_Amount=18000000&vnp_Command=pay&vnp_CreateDate=20250904040205&vnp_CurrCode=VND&vnp_IpAddr=127.0.0.1&vnp_Locale=vn&vnp_OrderInfo=Thanh+to%C3%A1n+%C4%91%C6%A1n+h%C3%A0ng+%23153&vnp_ReturnUrl=https%3A%2F%2F5e80becd1be2.ngrok-free.app%2Fpayment_return&vnp_TmnCode=B0IQN5UL&vnp_TxnRef=153&vnp_Version=2.1.0&vnp_SecureHash=c9511f0b37ab8e255493f2c6b7fef72d1008e0c150e3dfb7c604466efa022847cec554f9e2d2c2abbda74ddcecca4060962b30d97fedab600f41dc2bdf7e4bc6
[2025-09-04 04:05:31,075] INFO django.utils.autoreload E:\WebGame\games\webgames\vnpay.py changed, reloading.
[2025-09-04 04:05:32,643] INFO django.utils.autoreload Watching for file changes with StatReloader
[2025-09-04 04:05:46,555] INFO root VNPAY queryString: vnp_Amount=18000000&vnp_Command=pay&vnp_CreateDate=20250904040546&vnp_CurrCode=VND&vnp_IpAddr=127.0.0.1&vnp_Locale=vn&vnp_OrderInfo=Thanh+to%C3%A1n+%C4%91%C6%A1n+h%C3%A0ng+%23154&vnp_ReturnUrl=https%3A%2F%2F5e80becd1be2.ngrok-free.app%2Fpayment_return&vnp_TmnCode=B0IQN5UL&vnp_TxnRef=154&vnp_Version=2.1.0
[2025-09-04 04:05:46,555] INFO root VNPAY hashValue: bc2daf74ee421872ece2fe1b5846d95e9c8a5ec578a9da39eff8ea5cec6e4adc224143b0cca43389137dca5514b71e16ad8ec110e27dafe29cc3c905b9e1a80d
[2025-09-04 04:05:46,555] INFO webgames.views [VNPAY] Payment URL generated: https://sandbox.vnpayment.vn/paymentv2/vpcpay.html?vnp_Amount=18000000&vnp_Command=pay&vnp_CreateDate=20250904040546&vnp_CurrCode=VND&vnp_IpAddr=127.0.0.1&vnp_Locale=vn&vnp_OrderInfo=Thanh+to%C3%A1n+%C4%91%C6%A1n+h%C3%A0ng+%23154&vnp_ReturnUrl=https%3A%2F%2F5e80becd1be2.ngrok-free.app%2Fpayment_return&vnp_TmnCode=B0IQN5UL&vnp_TxnRef=154&vnp_Version=2.1.0&vnp_SecureHash=bc2daf74ee421872ece2fe1b5846d95e9c8a5ec578a9da39eff8ea5cec6e4adc224143b0cca43389137dca5514b71e16ad8ec110e27dafe29cc3c905b9e1a80d
[2025-09-04 04:07:10,950] INFO django.utils.autoreload E:\WebGame\games\Web\settings.py changed, reloading.
[2025-09-04 04:07:12,443] INFO django.utils.autoreload Watching for file changes with StatReloader
[2025-09-04 04:07:21,188] INFO django.utils.autoreload E:\WebGame\games\Web\settings.py changed, reloading.
[2025-09-04 04:07:22,728] INFO django.utils.autoreload Watching for file changes with StatReloader
[2025-09-04 04:07:33,343] WARNING django.request Unauthorized: /users/current_user/
[2025-09-04 04:07:40,659] INFO root VNPAY queryString: vnp_Amount=18000000&vnp_Command=pay&vnp_CreateDate=20250904040740&vnp_CurrCode=VND&vnp_IpAddr=127.0.0.1&vnp_Locale=vn&vnp_OrderInfo=Thanh+to%C3%A1n+%C4%91%C6%A1n+h%C3%A0ng+%23155&vnp_ReturnUrl=https%3A%2F%2F5e80becd1be2.ngrok-free.app&vnp_TmnCode=B0IQN5UL&vnp_TxnRef=155&vnp_Version=2.1.0
[2025-09-04 04:07:40,659] INFO root VNPAY hashValue: 84ac74f7f4fe8c099f8fcc90b102702d3ed123a83abcd76fc751c1b6bd40b5dca66f287aa9dbae7d5eaf2a4e63391cb22b96e83a0bbf67a13e62e96351aac20f
[2025-09-04 04:07:40,659] INFO webgames.views [VNPAY] Payment URL generated: https://sandbox.vnpayment.vn/paymentv2/vpcpay.html?vnp_Amount=18000000&vnp_Command=pay&vnp_CreateDate=20250904040740&vnp_CurrCode=VND&vnp_IpAddr=127.0.0.1&vnp_Locale=vn&vnp_OrderInfo=Thanh+to%C3%A1n+%C4%91%C6%A1n+h%C3%A0ng+%23155&vnp_ReturnUrl=https%3A%2F%2F5e80becd1be2.ngrok-free.app&vnp_TmnCode=B0IQN5UL&vnp_TxnRef=155&vnp_Version=2.1.0&vnp_SecureHash=84ac74f7f4fe8c099f8fcc90b102702d3ed123a83abcd76fc751c1b6bd40b5dca66f287aa9dbae7d5eaf2a4e63391cb22b96e83a0bbf67a13e62e96351aac20f
[2025-09-04 04:09:46,667] INFO root VNPAY queryString: vnp_Amount=18000000&vnp_Command=pay&vnp_CreateDate=20250904040946&vnp_CurrCode=VND&vnp_IpAddr=127.0.0.1&vnp_Locale=vn&vnp_OrderInfo=Thanh+to%C3%A1n+%C4%91%C6%A1n+h%C3%A0ng+%23156&vnp_ReturnUrl=https%3A%2F%2F5e80becd1be2.ngrok-free.app&vnp_TmnCode=B0IQN5UL&vnp_TxnRef=156&vnp_Version=2.1.0
[2025-09-04 04:09:46,668] INFO root VNPAY hashValue: 05f0725908c25a0052802d6c636e48172fc8095dfeb81babed250b0df804d963c58d8987c2d101bb43254dc899d7c3f16318b4899ffedbefd50cb5634bdcec67
[2025-09-04 04:09:46,668] INFO webgames.views [VNPAY] Payment URL generated: https://sandbox.vnpayment.vn/paymentv2/vpcpay.html?vnp_Amount=18000000&vnp_Command=pay&vnp_CreateDate=20250904040946&vnp_CurrCode=VND&vnp_IpAddr=127.0.0.1&vnp_Locale=vn&vnp_OrderInfo=Thanh+to%C3%A1n+%C4%91%C6%A1n+h%C3%A0ng+%23156&vnp_ReturnUrl=https%3A%2F%2F5e80becd1be2.ngrok-free.app&vnp_TmnCode=B0IQN5UL&vnp_TxnRef=156&vnp_Version=2.1.0&vnp_SecureHash=05f0725908c25a0052802d6c636e48172fc8095dfeb81babed250b0df804d963c58d8987c2d101bb43254dc899d7c3f16318b4899ffedbefd50cb5634bdcec67
[2025-09-04 04:12:24,567] INFO django.utils.autoreload E:\WebGame\games\Web\settings.py changed, reloading.
[2025-09-04 04:12:26,155] INFO django.utils.autoreload Watching for file changes with StatReloader
[2025-09-04 04:13:27,976] INFO django.utils.autoreload E:\WebGame\games\Web\settings.py changed, reloading.
[2025-09-04 04:13:29,308] INFO django.utils.autoreload Watching for file changes with StatReloader
[2025-09-04 04:13:32,522] INFO django.utils.autoreload E:\WebGame\games\Web\settings.py changed, reloading.
[2025-09-04 04:13:33,887] INFO django.utils.autoreload Watching for file changes with StatReloader
[2025-09-04 04:14:29,146] WARNING django.request Unauthorized: /users/current_user/
[2025-09-04 04:14:37,134] INFO root VNPAY queryString: vnp_Amount=18000000&vnp_Command=pay&vnp_CreateDate=20250904041437&vnp_CurrCode=VND&vnp_IpAddr=127.0.0.1&vnp_Locale=vn&vnp_OrderInfo=Thanh+to%C3%A1n+%C4%91%C6%A1n+h%C3%A0ng+%23157&vnp_ReturnUrl=https%3A%2F%2Feducation.github.com%2F&vnp_TmnCode=M0V8RBA7&vnp_TxnRef=157&vnp_Version=2.1.0
[2025-09-04 04:14:37,134] INFO root VNPAY hashValue: 2ea1c785af5589122496bd00b309c7461ac27795750fd65467d734d4c31e1c2d352c509ce7c470d8003356f88f56d01f62a08abf8141cb9e2727b0b306cfad76
[2025-09-04 04:14:37,134] INFO webgames.views [VNPAY] Payment URL generated: https://sandbox.vnpayment.vn/paymentv2/vpcpay.html?vnp_Amount=18000000&vnp_Command=pay&vnp_CreateDate=20250904041437&vnp_CurrCode=VND&vnp_IpAddr=127.0.0.1&vnp_Locale=vn&vnp_OrderInfo=Thanh+to%C3%A1n+%C4%91%C6%A1n+h%C3%A0ng+%23157&vnp_ReturnUrl=https%3A%2F%2Feducation.github.com%2F&vnp_TmnCode=M0V8RBA7&vnp_TxnRef=157&vnp_Version=2.1.0&vnp_SecureHash=2ea1c785af5589122496bd00b309c7461ac27795750fd65467d734d4c31e1c2d352c509ce7c470d8003356f88f56d01f62a08abf8141cb9e2727b0b306cfad76
[2025-09-04 04:16:40,091] INFO django.utils.autoreload E:\WebGame\games\Web\settings.py changed, reloading.
[2025-09-04 04:16:41,581] INFO django.utils.autoreload Watching for file changes with StatReloader
[2025-09-04 04:17:06,260] INFO root VNPAY queryString: vnp_Amount=18000000&vnp_Command=pay&vnp_CreateDate=20250904041706&vnp_CurrCode=VND&vnp_IpAddr=127.0.0.1&vnp_Locale=vn&vnp_OrderInfo=Thanh+to%C3%A1n+%C4%91%C6%A1n+h%C3%A0ng+%23158&vnp_ReturnUrl=https%3A%2F%2F5e80becd1be2.ngrok-free.app%2Fthanhyou&vnp_TmnCode=M0V8RBA7&vnp_TxnRef=158&vnp_Version=2.1.0
[2025-09-04 04:17:06,261] INFO root VNPAY hashValue: 538ad61b3ce824cab3528ed57ff3a38da4b48139459afc7399cec1380a22a03b03e56699087453bebb14b1e2d040bc2918ff6687f3c912c99c96504194b524f7
[2025-09-04 04:17:06,261] INFO webgames.views [VNPAY] Payment URL generated: https://sandbox.vnpayment.vn/paymentv2/vpcpay.html?vnp_Amount=18000000&vnp_Command=pay&vnp_CreateDate=20250904041706&vnp_CurrCode=VND&vnp_IpAddr=127.0.0.1&vnp_Locale=vn&vnp_OrderInfo=Thanh+to%C3%A1n+%C4%91%C6%A1n+h%C3%A0ng+%23158&vnp_ReturnUrl=https%3A%2F%2F5e80becd1be2.ngrok-free.app%2Fthanhyou&vnp_TmnCode=M0V8RBA7&vnp_TxnRef=158&vnp_Version=2.1.0&vnp_SecureHash=538ad61b3ce824cab3528ed57ff3a38da4b48139459afc7399cec1380a22a03b03e56699087453bebb14b1e2d040bc2918ff6687f3c912c99c96504194b524f7
[2025-09-04 04:19:43,401] INFO django.utils.autoreload E:\WebGame\games\Web\settings.py changed, reloading.
[2025-09-04 04:19:44,902] INFO django.utils.autoreload Watching for file changes with StatReloader
[2025-09-04 04:19:49,417] INFO django.utils.autoreload E:\WebGame\games\Web\settings.py changed, reloading.
[2025-09-04 04:19:50,771] INFO django.utils.autoreload Watching for file changes with StatReloader
[2025-09-04 04:20:01,646] INFO django.utils.autoreload E:\WebGame\games\Web\settings.py changed, reloading.
[2025-09-04 04:20:03,085] INFO django.utils.autoreload Watching for file changes with StatReloader
[2025-09-04 04:20:04,396] WARNING django.request Unauthorized: /users/current_user/
[2025-09-04 04:20:14,917] WARNING django.request Unauthorized: /users/current_user/
[2025-09-04 04:20:18,642] WARNING django.request Unauthorized: /orders/
[2025-09-04 04:20:32,006] INFO root VNPAY queryString: vnp_Amount=18000000&vnp_Command=pay&vnp_CreateDate=20250904042031&vnp_CurrCode=VND&vnp_IpAddr=127.0.0.1&vnp_Locale=vn&vnp_OrderInfo=Thanh+to%C3%A1n+%C4%91%C6%A1n+h%C3%A0ng+%23159&vnp_ReturnUrl=http%3A%2F%2Flocalhost%3A3000%2Fthanhyou&vnp_TmnCode=M0V8RBA7&vnp_TxnRef=159&vnp_Version=2.1.0
[2025-09-04 04:20:32,006] INFO root VNPAY hashValue: 7c9a83b5ca3ea86ce2d41d286fa0e2a6a444615a9b9a9fd355548473a02c5332b7dbd0dd8c3fa5d650008f6b7f8b563cf161b615cf45e24e5ed53934aabf4472
[2025-09-04 04:20:32,007] INFO webgames.views [VNPAY] Payment URL generated: https://sandbox.vnpayment.vn/paymentv2/vpcpay.html?vnp_Amount=18000000&vnp_Command=pay&vnp_CreateDate=20250904042031&vnp_CurrCode=VND&vnp_IpAddr=127.0.0.1&vnp_Locale=vn&vnp_OrderInfo=Thanh+to%C3%A1n+%C4%91%C6%A1n+h%C3%A0ng+%23159&vnp_ReturnUrl=http%3A%2F%2Flocalhost%3A3000%2Fthanhyou&vnp_TmnCode=M0V8RBA7&vnp_TxnRef=159&vnp_Version=2.1.0&vnp_SecureHash=7c9a83b5ca3ea86ce2d41d286fa0e2a6a444615a9b9a9fd355548473a02c5332b7dbd0dd8c3fa5d650008f6b7f8b563cf161b615cf45e24e5ed53934aabf4472
[2025-09-04 13:26:28,852] INFO django.utils.autoreload Watching for file changes with StatReloader
[2025-09-04 13:32:10,904] WARNING django.request Unauthorized: /users/current_user/
[2025-09-04 13:32:19,197] INFO root VNPAY queryString: vnp_Amount=18000000&vnp_Command=pay&vnp_CreateDate=20250904133219&vnp_CurrCode=VND&vnp_IpAddr=127.0.0.1&vnp_Locale=vn&vnp_OrderInfo=Thanh+to%C3%A1n+%C4%91%C6%A1n+h%C3%A0ng+%23160&vnp_ReturnUrl=http%3A%2F%2Flocalhost%3A3000%2Fthanhyou&vnp_TmnCode=M0V8RBA7&vnp_TxnRef=160&vnp_Version=2.1.0
[2025-09-04 13:32:19,198] INFO root VNPAY hashValue: c9c6b645ba5c680583a33356377d72771f399146bcb9eec2e221ccebb369a920729b92788116f7a04cebed1e0ea19812935e7ad6b645a88ac5a538b102dd15bc
[2025-09-04 13:32:19,198] INFO webgames.views [VNPAY] Payment URL generated: https://sandbox.vnpayment.vn/paymentv2/vpcpay.html?vnp_Amount=18000000&vnp_Command=pay&vnp_CreateDate=20250904133219&vnp_CurrCode=VND&vnp_IpAddr=127.0.0.1&vnp_Locale=vn&vnp_OrderInfo=Thanh+to%C3%A1n+%C4%91%C6%A1n+h%C3%A0ng+%23160&vnp_ReturnUrl=http%3A%2F%2Flocalhost%3A3000%2Fthanhyou&vnp_TmnCode=M0V8RBA7&vnp_TxnRef=160&vnp_Version=2.1.0&vnp_SecureHash=c9c6b645ba5c680583a33356377d72771f399146bcb9eec2e221ccebb369a920729b92788116f7a04cebed1e0ea19812935e7ad6b645a88ac5a538b102dd15bc
[2025-09-04 13:37:50,816] INFO django.utils.autoreload E:\WebGame\games\webgames\vnpay.py changed, reloading.
[2025-09-04 13:37:52,803] INFO django.utils.autoreload Watching for file changes with StatReloader
[2025-09-04 13:39:05,666] INFO django.utils.autoreload E:\WebGame\games\webgames\vnpay.py changed, reloading.
[2025-09-04 13:39:06,934] INFO django.utils.autoreload Watching for file changes with StatReloader
[2025-09-04 13:40:14,323] WARNING django.request Unauthorized: /orders/
[2025-09-04 13:40:27,524] ERROR django.request Internal Server Error: /payments/vnpay/
[2025-09-04 13:41:28,756] INFO django.utils.autoreload E:\WebGame\games\webgames\vnpay.py changed, reloading.
[2025-09-04 13:41:30,219] INFO django.utils.autoreload Watching for file changes with StatReloader
[2025-09-04 13:41:39,121] INFO django.utils.autoreload E:\WebGame\games\webgames\vnpay.py changed, reloading.
[2025-09-04 13:41:40,485] INFO django.utils.autoreload Watching for file changes with StatReloader
[2025-09-04 13:41:41,518] INFO root VNPAY queryString: vnp_Amount=18000000&vnp_Command=pay&vnp_CreateDate=20250904134141&vnp_CurrCode=VND&vnp_IpAddr=127.0.0.1&vnp_Locale=vn&vnp_OrderInfo=Thanh+to%C3%A1n+%C4%91%C6%A1n+h%C3%A0ng+%23162&vnp_ReturnUrl=http%3A%2F%2Flocalhost%3A3000%2Fthanhyou&vnp_TmnCode=M0V8RBA7&vnp_TxnRef=162&vnp_Version=2.1.0
[2025-09-04 13:41:41,519] INFO root VNPAY hashValue: 93e687828a43db13cc51512a2608f37dc2aad7bc6ead68dc3b5c39231159222447ac48432716cb2f3854ccf92f203bd4311b93acbe046a380bcda0cfa414a448
[2025-09-04 13:41:41,519] INFO webgames.views [VNPAY] Payment URL generated: https://sandbox.vnpayment.vn/paymentv2/vpcpay.html?vnp_Amount=18000000&vnp_Command=pay&vnp_CreateDate=20250904134141&vnp_CurrCode=VND&vnp_IpAddr=127.0.0.1&vnp_Locale=vn&vnp_OrderInfo=Thanh+to%C3%A1n+%C4%91%C6%A1n+h%C3%A0ng+%23162&vnp_ReturnUrl=http%3A%2F%2Flocalhost%3A3000%2Fthanhyou&vnp_TmnCode=M0V8RBA7&vnp_TxnRef=162&vnp_Version=2.1.0&vnp_SecureHashType=SHA512&vnp_SecureHash=93e687828a43db13cc51512a2608f37dc2aad7bc6ead68dc3b5c39231159222447ac48432716cb2f3854ccf92f203bd4311b93acbe046a380bcda0cfa414a448
[2025-09-04 13:43:27,561] INFO django.utils.autoreload E:\WebGame\games\webgames\views.py changed, reloading.
[2025-09-04 13:43:28,857] INFO django.utils.autoreload Watching for file changes with StatReloader
[2025-09-04 13:44:29,586] INFO django.utils.autoreload E:\WebGame\games\webgames\views.py changed, reloading.
[2025-09-04 13:44:30,867] INFO django.utils.autoreload Watching for file changes with StatReloader
[2025-09-04 13:44:40,661] INFO django.utils.autoreload E:\WebGame\games\webgames\views.py changed, reloading.
[2025-09-04 13:44:41,996] INFO django.utils.autoreload Watching for file changes with StatReloader
[2025-09-04 13:45:03,822] INFO django.utils.autoreload E:\WebGame\games\webgames\views.py changed, reloading.
[2025-09-04 13:45:05,110] INFO django.utils.autoreload Watching for file changes with StatReloader
[2025-09-04 13:45:13,170] INFO root VNPAY queryString: vnp_Amount=18000000&vnp_Command=pay&vnp_CreateDate=20250904134513&vnp_CurrCode=VND&vnp_IpAddr=127.0.0.1&vnp_Locale=vn&vnp_OrderInfo=Thanh+to%C3%A1n+%C4%91%C6%A1n+h%C3%A0ng+%23163&vnp_ReturnUrl=http%3A%2F%2Flocalhost%3A3000%2Fthanhyou&vnp_TmnCode=M0V8RBA7&vnp_TxnRef=163&vnp_Version=2.1.0
[2025-09-04 13:45:13,170] INFO root VNPAY hashValue: 83acb01841eb8795b5170eeb38ca359b4f554f2ac860a3bd6d43f4daeeb41eeefcdd5355315aab3c2f5c15ca9d56b0fbcb4e0729cc332999212aa377d9d1e971
[2025-09-04 13:45:13,171] INFO webgames.views [VNPAY] Payment URL generated: https://sandbox.vnpayment.vn/paymentv2/vpcpay.html?vnp_Amount=18000000&vnp_Command=pay&vnp_CreateDate=20250904134513&vnp_CurrCode=VND&vnp_IpAddr=127.0.0.1&vnp_Locale=vn&vnp_OrderInfo=Thanh+to%C3%A1n+%C4%91%C6%A1n+h%C3%A0ng+%23163&vnp_ReturnUrl=http%3A%2F%2Flocalhost%3A3000%2Fthanhyou&vnp_TmnCode=M0V8RBA7&vnp_TxnRef=163&vnp_Version=2.1.0&vnp_SecureHashType=SHA512&vnp_SecureHash=83acb01841eb8795b5170eeb38ca359b4f554f2ac860a3bd6d43f4daeeb41eeefcdd5355315aab3c2f5c15ca9d56b0fbcb4e0729cc332999212aa377d9d1e971
[2025-09-04 13:50:36,407] INFO django.utils.autoreload E:\WebGame\games\webgames\views.py changed, reloading.
[2025-09-04 13:50:37,927] INFO django.utils.autoreload Watching for file changes with StatReloader
[2025-09-04 14:08:04,281] INFO django.utils.autoreload E:\WebGame\games\webgames\views.py changed, reloading.
[2025-09-04 14:08:05,588] INFO django.utils.autoreload Watching for file changes with StatReloader
[2025-09-04 14:08:42,665] WARNING django.request Unauthorized: /users/current_user/
[2025-09-04 14:08:51,313] INFO root VNPAY queryString: vnp_Amount=18000000&vnp_Command=pay&vnp_CreateDate=20250904140851&vnp_CurrCode=VND&vnp_IpAddr=127.0.0.1&vnp_Locale=vn&vnp_OrderInfo=Thanh+to%C3%A1n+%C4%91%C6%A1n+h%C3%A0ng+%23164&vnp_ReturnUrl=http%3A%2F%2Flocalhost%3A3000%2Fthanhyou&vnp_TmnCode=M0V8RBA7&vnp_TxnRef=164&vnp_Version=2.1.0
[2025-09-04 14:08:51,313] INFO root VNPAY hashValue: 3869995087ea8da99f3599b581621df0bc517525120f8ae442afb4d35ee8c1fdf7b6f58882466a71ae87880ebe476f49d31ac753a2d608a1effa2c701a649467
[2025-09-04 14:08:51,314] INFO webgames.views [VNPAY] Payment URL generated: https://sandbox.vnpayment.vn/paymentv2/vpcpay.html?vnp_Amount=18000000&vnp_Command=pay&vnp_CreateDate=20250904140851&vnp_CurrCode=VND&vnp_IpAddr=127.0.0.1&vnp_Locale=vn&vnp_OrderInfo=Thanh+to%C3%A1n+%C4%91%C6%A1n+h%C3%A0ng+%23164&vnp_ReturnUrl=http%3A%2F%2Flocalhost%3A3000%2Fthanhyou&vnp_TmnCode=M0V8RBA7&vnp_TxnRef=164&vnp_Version=2.1.0&vnp_SecureHashType=SHA512&vnp_SecureHash=3869995087ea8da99f3599b581621df0bc517525120f8ae442afb4d35ee8c1fdf7b6f58882466a71ae87880ebe476f49d31ac753a2d608a1effa2c701a649467
[2025-09-04 14:10:26,747] INFO django.utils.autoreload E:\WebGame\games\webgames\vnpay.py changed, reloading.
[2025-09-04 14:10:28,301] INFO django.utils.autoreload Watching for file changes with StatReloader
[2025-09-04 14:10:54,546] INFO django.utils.autoreload E:\WebGame\games\webgames\momo.py changed, reloading.
[2025-09-04 14:10:55,841] INFO django.utils.autoreload Watching for file changes with StatReloader
[2025-09-04 14:11:19,708] INFO django.utils.autoreload E:\WebGame\games\webgames\views.py changed, reloading.
[2025-09-04 14:11:21,066] INFO django.utils.autoreload Watching for file changes with StatReloader
[2025-09-04 14:12:40,392] INFO django.utils.autoreload E:\WebGame\games\webgames\views.py changed, reloading.
[2025-09-04 14:12:41,595] INFO django.utils.autoreload Watching for file changes with StatReloader
[2025-09-04 14:13:16,444] INFO root VNPAY queryString: vnp_Amount=18000000&vnp_Command=pay&vnp_CreateDate=20250904141316&vnp_CurrCode=VND&vnp_IpAddr=127.0.0.1&vnp_Locale=vn&vnp_OrderInfo=Thanh+to%C3%A1n+%C4%91%C6%A1n+h%C3%A0ng+%23165&vnp_ReturnUrl=http%3A%2F%2Flocalhost%3A3000%2Fthanhyou&vnp_TmnCode=M0V8RBA7&vnp_TxnRef=165&vnp_Version=2.1.0
[2025-09-04 14:13:16,444] INFO root VNPAY hashValue: fdbed355e85ec29db59afc5379e9da3e570d7bb9c3a6794e9f46073f546913777e0355b51a43f4204ab03d52b9789b65be5a70bdd2435624160259e3de4c87a2
[2025-09-04 14:13:16,444] INFO webgames.views [VNPAY] Payment URL generated: https://sandbox.vnpayment.vn/paymentv2/vpcpay.html?vnp_Amount=18000000&vnp_Command=pay&vnp_CreateDate=20250904141316&vnp_CurrCode=VND&vnp_IpAddr=127.0.0.1&vnp_Locale=vn&vnp_OrderInfo=Thanh+to%C3%A1n+%C4%91%C6%A1n+h%C3%A0ng+%23165&vnp_ReturnUrl=http%3A%2F%2Flocalhost%3A3000%2Fthanhyou&vnp_TmnCode=M0V8RBA7&vnp_TxnRef=165&vnp_Version=2.1.0&vnp_SecureHashType=SHA512&vnp_SecureHash=fdbed355e85ec29db59afc5379e9da3e570d7bb9c3a6794e9f46073f546913777e0355b51a43f4204ab03d52b9789b65be5a70bdd2435624160259e3de4c87a2
[2025-09-04 14:16:51,165] WARNING django.request Unauthorized: /stats/revenue/
[2025-09-04 14:17:03,024] WARNING django.request Unauthorized: /users/current_user/
[2025-09-04 14:17:03,027] WARNING django.request Unauthorized: /stats/revenue/
[2025-09-04 14:17:04,336] WARNING django.request Unauthorized: /users/current_user/
[2025-09-04 14:17:04,339] WARNING django.request Unauthorized: /stats/revenue/
[2025-09-04 14:19:40,508] INFO root VNPAY queryString: vnp_Amount=18000000&vnp_Command=pay&vnp_CreateDate=20250904141940&vnp_CurrCode=VND&vnp_IpAddr=127.0.0.1&vnp_Locale=vn&vnp_OrderInfo=Thanh+to%C3%A1n+%C4%91%C6%A1n+h%C3%A0ng+%23166&vnp_ReturnUrl=http%3A%2F%2Flocalhost%3A3000%2Fthanhyou&vnp_TmnCode=M0V8RBA7&vnp_TxnRef=166&vnp_Version=2.1.0
[2025-09-04 14:19:40,508] INFO root VNPAY hashValue: 49719e133ffd36f4643606001afbb0fbaa83189f87a47673737474c6f193a93fa4bfbb2e82e9f6de6554f2d48d981b9f0a5d1a3064742ed378b38adace16f5ef
[2025-09-04 14:19:40,509] INFO webgames.views [VNPAY] Payment URL generated: https://sandbox.vnpayment.vn/paymentv2/vpcpay.html?vnp_Amount=18000000&vnp_Command=pay&vnp_CreateDate=20250904141940&vnp_CurrCode=VND&vnp_IpAddr=127.0.0.1&vnp_Locale=vn&vnp_OrderInfo=Thanh+to%C3%A1n+%C4%91%C6%A1n+h%C3%A0ng+%23166&vnp_ReturnUrl=http%3A%2F%2Flocalhost%3A3000%2Fthanhyou&vnp_TmnCode=M0V8RBA7&vnp_TxnRef=166&vnp_Version=2.1.0&vnp_SecureHashType=SHA512&vnp_SecureHash=49719e133ffd36f4643606001afbb0fbaa83189f87a47673737474c6f193a93fa4bfbb2e82e9f6de6554f2d48d981b9f0a5d1a3064742ed378b38adace16f5ef
[2025-09-04 14:20:20,215] INFO django.utils.autoreload E:\WebGame\games\webgames\views.py changed, reloading.
[2025-09-04 14:20:21,779] INFO django.utils.autoreload Watching for file changes with StatReloader
[2025-09-04 14:20:34,016] WARNING django.request Forbidden: /reviews/create_review/
[2025-09-04 14:22:02,405] INFO django.utils.autoreload E:\WebGame\games\webgames\views.py changed, reloading.
[2025-09-04 14:22:03,802] INFO django.utils.autoreload Watching for file changes with StatReloader
[2025-09-04 14:22:10,578] WARNING django.request Unauthorized: /users/current_user/
[2025-09-04 14:22:17,659] ERROR django.request Internal Server Error: /payments/vnpay/
Traceback (most recent call last):
  File "E:\WebGame\venv\games\Lib\site-packages\django\core\handlers\exception.py", line 55, in inner
    response = get_response(request)
  File "E:\WebGame\venv\games\Lib\site-packages\django\core\handlers\base.py", line 197, in _get_response
    response = wrapped_callback(request, *callback_args, **callback_kwargs)
  File "E:\WebGame\venv\games\Lib\site-packages\django\views\decorators\csrf.py", line 65, in _view_wrapper
    return view_func(request, *args, **kwargs)
  File "E:\WebGame\venv\games\Lib\site-packages\rest_framework\viewsets.py", line 125, in view
    return self.dispatch(request, *args, **kwargs)
           ~~~~~~~~~~~~~^^^^^^^^^^^^^^^^^^^^^^^^^^
  File "E:\WebGame\venv\games\Lib\site-packages\rest_framework\views.py", line 515, in dispatch
    response = self.handle_exception(exc)
  File "E:\WebGame\venv\games\Lib\site-packages\rest_framework\views.py", line 475, in handle_exception
    self.raise_uncaught_exception(exc)
    ~~~~~~~~~~~~~~~~~~~~~~~~~~~~~^^^^^
  File "E:\WebGame\venv\games\Lib\site-packages\rest_framework\views.py", line 486, in raise_uncaught_exception
    raise exc
  File "E:\WebGame\venv\games\Lib\site-packages\rest_framework\views.py", line 512, in dispatch
    response = handler(request, *args, **kwargs)
  File "E:\WebGame\games\webgames\views.py", line 181, in create_vnpay_payment
    create_date = timezone.localtime(timezone.now()).strftime('%Y%m%d%H%M%S')
                  ^^^^^^^^^^^^^^^^^^
AttributeError: type object 'datetime.timezone' has no attribute 'localtime'
[2025-09-04 14:22:54,235] INFO django.utils.autoreload E:\WebGame\games\webgames\views.py changed, reloading.
[2025-09-04 14:22:55,601] INFO django.utils.autoreload Watching for file changes with StatReloader
[2025-09-04 14:23:05,353] ERROR django.request Internal Server Error: /payments/vnpay/
Traceback (most recent call last):
  File "E:\WebGame\venv\games\Lib\site-packages\django\core\handlers\exception.py", line 55, in inner
    response = get_response(request)
  File "E:\WebGame\venv\games\Lib\site-packages\django\core\handlers\base.py", line 197, in _get_response
    response = wrapped_callback(request, *callback_args, **callback_kwargs)
  File "E:\WebGame\venv\games\Lib\site-packages\django\views\decorators\csrf.py", line 65, in _view_wrapper
    return view_func(request, *args, **kwargs)
  File "E:\WebGame\venv\games\Lib\site-packages\rest_framework\viewsets.py", line 125, in view
    return self.dispatch(request, *args, **kwargs)
           ~~~~~~~~~~~~~^^^^^^^^^^^^^^^^^^^^^^^^^^
  File "E:\WebGame\venv\games\Lib\site-packages\rest_framework\views.py", line 515, in dispatch
    response = self.handle_exception(exc)
  File "E:\WebGame\venv\games\Lib\site-packages\rest_framework\views.py", line 475, in handle_exception
    self.raise_uncaught_exception(exc)
    ~~~~~~~~~~~~~~~~~~~~~~~~~~~~~^^^^^
  File "E:\WebGame\venv\games\Lib\site-packages\rest_framework\views.py", line 486, in raise_uncaught_exception
    raise exc
  File "E:\WebGame\venv\games\Lib\site-packages\rest_framework\views.py", line 512, in dispatch
    response = handler(request, *args, **kwargs)
  File "E:\WebGame\games\webgames\views.py", line 183, in create_vnpay_payment
    create_date = timezone.localtime(timezone.now()).strftime('%Y%m%d%H%M%S')
                  ^^^^^^^^^^^^^^^^^^
AttributeError: type object 'datetime.timezone' has no attribute 'localtime'
[2025-09-04 14:23:31,799] INFO django.utils.autoreload E:\WebGame\games\webgames\views.py changed, reloading.
[2025-09-04 14:23:33,125] INFO django.utils.autoreload Watching for file changes with StatReloader
[2025-09-04 14:23:39,442] ERROR django.request Internal Server Error: /payments/vnpay/
Traceback (most recent call last):
  File "E:\WebGame\venv\games\Lib\site-packages\django\core\handlers\exception.py", line 55, in inner
    response = get_response(request)
  File "E:\WebGame\venv\games\Lib\site-packages\django\core\handlers\base.py", line 197, in _get_response
    response = wrapped_callback(request, *callback_args, **callback_kwargs)
  File "E:\WebGame\venv\games\Lib\site-packages\django\views\decorators\csrf.py", line 65, in _view_wrapper
    return view_func(request, *args, **kwargs)
  File "E:\WebGame\venv\games\Lib\site-packages\rest_framework\viewsets.py", line 125, in view
    return self.dispatch(request, *args, **kwargs)
           ~~~~~~~~~~~~~^^^^^^^^^^^^^^^^^^^^^^^^^^
  File "E:\WebGame\venv\games\Lib\site-packages\rest_framework\views.py", line 515, in dispatch
    response = self.handle_exception(exc)
  File "E:\WebGame\venv\games\Lib\site-packages\rest_framework\views.py", line 475, in handle_exception
    self.raise_uncaught_exception(exc)
    ~~~~~~~~~~~~~~~~~~~~~~~~~~~~~^^^^^
  File "E:\WebGame\venv\games\Lib\site-packages\rest_framework\views.py", line 486, in raise_uncaught_exception
    raise exc
  File "E:\WebGame\venv\games\Lib\site-packages\rest_framework\views.py", line 512, in dispatch
    response = handler(request, *args, **kwargs)
  File "E:\WebGame\games\webgames\views.py", line 182, in create_vnpay_payment
    create_date = timezone.localtime(timezone.now()).strftime('%Y%m%d%H%M%S')
                  ^^^^^^^^^^^^^^^^^^
AttributeError: type object 'datetime.timezone' has no attribute 'localtime'
[2025-09-04 14:23:53,022] INFO django.utils.autoreload E:\WebGame\games\webgames\views.py changed, reloading.
[2025-09-04 14:23:54,389] INFO django.utils.autoreload Watching for file changes with StatReloader
[2025-09-04 14:23:55,192] INFO root VNPAY queryString: vnp_Amount=18000000&vnp_Command=pay&vnp_CreateDate=20250904142355&vnp_CurrCode=VND&vnp_IpAddr=127.0.0.1&vnp_Locale=vn&vnp_OrderInfo=Thanh+to%C3%A1n+%C4%91%C6%A1n+h%C3%A0ng+%23170&vnp_ReturnUrl=http%3A%2F%2Flocalhost%3A3000%2Fthanhyou&vnp_TmnCode=M0V8RBA7&vnp_TxnRef=170&vnp_Version=2.1.0
[2025-09-04 14:23:55,196] INFO root VNPAY queryString: vnp_Amount=18000000&vnp_Command=pay&vnp_CreateDate=20250904142355&vnp_CurrCode=VND&vnp_IpAddr=127.0.0.1&vnp_Locale=vn&vnp_OrderInfo=Thanh+to%C3%A1n+%C4%91%C6%A1n+h%C3%A0ng+%23170&vnp_ReturnUrl=http%3A%2F%2Flocalhost%3A3000%2Fthanhyou&vnp_TmnCode=M0V8RBA7&vnp_TxnRef=170&vnp_Version=2.1.0
[2025-09-04 14:23:55,196] INFO root VNPAY hashValue: d419503806b80ef107d93bed30d9b66e486745d095d3610cf7ecb68591fa90ad0d953d9a33982e2457bf7524f4419f571651ce85c976e2d800e626bc72863b52
[2025-09-04 14:23:55,196] INFO root VNPAY hashValue: d419503806b80ef107d93bed30d9b66e486745d095d3610cf7ecb68591fa90ad0d953d9a33982e2457bf7524f4419f571651ce85c976e2d800e626bc72863b52
[2025-09-04 14:23:55,196] INFO webgames.views [VNPAY] Payment URL generated: https://sandbox.vnpayment.vn/paymentv2/vpcpay.html?vnp_Amount=18000000&vnp_Command=pay&vnp_CreateDate=20250904142355&vnp_CurrCode=VND&vnp_IpAddr=127.0.0.1&vnp_Locale=vn&vnp_OrderInfo=Thanh+to%C3%A1n+%C4%91%C6%A1n+h%C3%A0ng+%23170&vnp_ReturnUrl=http%3A%2F%2Flocalhost%3A3000%2Fthanhyou&vnp_TmnCode=M0V8RBA7&vnp_TxnRef=170&vnp_Version=2.1.0&vnp_SecureHashType=SHA512&vnp_SecureHash=d419503806b80ef107d93bed30d9b66e486745d095d3610cf7ecb68591fa90ad0d953d9a33982e2457bf7524f4419f571651ce85c976e2d800e626bc72863b52
[2025-09-04 14:23:55,196] INFO webgames.views [VNPAY] Payment URL generated: https://sandbox.vnpayment.vn/paymentv2/vpcpay.html?vnp_Amount=18000000&vnp_Command=pay&vnp_CreateDate=20250904142355&vnp_CurrCode=VND&vnp_IpAddr=127.0.0.1&vnp_Locale=vn&vnp_OrderInfo=Thanh+to%C3%A1n+%C4%91%C6%A1n+h%C3%A0ng+%23170&vnp_ReturnUrl=http%3A%2F%2Flocalhost%3A3000%2Fthanhyou&vnp_TmnCode=M0V8RBA7&vnp_TxnRef=170&vnp_Version=2.1.0&vnp_SecureHashType=SHA512&vnp_SecureHash=d419503806b80ef107d93bed30d9b66e486745d095d3610cf7ecb68591fa90ad0d953d9a33982e2457bf7524f4419f571651ce85c976e2d800e626bc72863b52
[2025-09-04 14:23:55,232] INFO root VNPAY queryString: vnp_Amount=18000000&vnp_Command=pay&vnp_CreateDate=20250904142355&vnp_CurrCode=VND&vnp_IpAddr=127.0.0.1&vnp_Locale=vn&vnp_OrderInfo=Thanh+to%C3%A1n+%C4%91%C6%A1n+h%C3%A0ng+%23172&vnp_ReturnUrl=http%3A%2F%2Flocalhost%3A3000%2Fthanhyou&vnp_TmnCode=M0V8RBA7&vnp_TxnRef=172&vnp_Version=2.1.0
[2025-09-04 14:23:55,233] INFO root VNPAY hashValue: 006da104da15a4706cadb4cb1e5599196da22e5f9515bcfc1d4e2cdc41c58262bbf15afae81a3b1fad0aa97a527560c3940b9bb01acdbaa942325c0bd7aa0e2b
[2025-09-04 14:23:55,233] INFO webgames.views [VNPAY] Payment URL generated: https://sandbox.vnpayment.vn/paymentv2/vpcpay.html?vnp_Amount=18000000&vnp_Command=pay&vnp_CreateDate=20250904142355&vnp_CurrCode=VND&vnp_IpAddr=127.0.0.1&vnp_Locale=vn&vnp_OrderInfo=Thanh+to%C3%A1n+%C4%91%C6%A1n+h%C3%A0ng+%23172&vnp_ReturnUrl=http%3A%2F%2Flocalhost%3A3000%2Fthanhyou&vnp_TmnCode=M0V8RBA7&vnp_TxnRef=172&vnp_Version=2.1.0&vnp_SecureHashType=SHA512&vnp_SecureHash=006da104da15a4706cadb4cb1e5599196da22e5f9515bcfc1d4e2cdc41c58262bbf15afae81a3b1fad0aa97a527560c3940b9bb01acdbaa942325c0bd7aa0e2b
[2025-09-04 14:23:55,284] INFO root VNPAY queryString: vnp_Amount=18000000&vnp_Command=pay&vnp_CreateDate=20250904142355&vnp_CurrCode=VND&vnp_IpAddr=127.0.0.1&vnp_Locale=vn&vnp_OrderInfo=Thanh+to%C3%A1n+%C4%91%C6%A1n+h%C3%A0ng+%23173&vnp_ReturnUrl=http%3A%2F%2Flocalhost%3A3000%2Fthanhyou&vnp_TmnCode=M0V8RBA7&vnp_TxnRef=173&vnp_Version=2.1.0
[2025-09-04 14:23:55,284] INFO root VNPAY hashValue: bce9ab3c30fd04f4801a5a45542997cf7290e7b5480d2e2b921ef385ff3fc7e84943b8f9093e97093a076b0b8d0078576670d31bbadca75a77d869254acdba2d
[2025-09-04 14:23:55,284] INFO webgames.views [VNPAY] Payment URL generated: https://sandbox.vnpayment.vn/paymentv2/vpcpay.html?vnp_Amount=18000000&vnp_Command=pay&vnp_CreateDate=20250904142355&vnp_CurrCode=VND&vnp_IpAddr=127.0.0.1&vnp_Locale=vn&vnp_OrderInfo=Thanh+to%C3%A1n+%C4%91%C6%A1n+h%C3%A0ng+%23173&vnp_ReturnUrl=http%3A%2F%2Flocalhost%3A3000%2Fthanhyou&vnp_TmnCode=M0V8RBA7&vnp_TxnRef=173&vnp_Version=2.1.0&vnp_SecureHashType=SHA512&vnp_SecureHash=bce9ab3c30fd04f4801a5a45542997cf7290e7b5480d2e2b921ef385ff3fc7e84943b8f9093e97093a076b0b8d0078576670d31bbadca75a77d869254acdba2d
[2025-09-04 14:23:55,399] INFO root VNPAY queryString: vnp_Amount=18000000&vnp_Command=pay&vnp_CreateDate=20250904142355&vnp_CurrCode=VND&vnp_IpAddr=127.0.0.1&vnp_Locale=vn&vnp_OrderInfo=Thanh+to%C3%A1n+%C4%91%C6%A1n+h%C3%A0ng+%23174&vnp_ReturnUrl=http%3A%2F%2Flocalhost%3A3000%2Fthanhyou&vnp_TmnCode=M0V8RBA7&vnp_TxnRef=174&vnp_Version=2.1.0
[2025-09-04 14:23:55,400] INFO root VNPAY hashValue: 997da1c725f40a1d51b5511522ab6378d9d467e5eb8ad04a544dada80ebec649021fad3f11f29ce68d34034c433caf5622b7e8c5085dc43fead92bccc410c0da
[2025-09-04 14:23:55,400] INFO webgames.views [VNPAY] Payment URL generated: https://sandbox.vnpayment.vn/paymentv2/vpcpay.html?vnp_Amount=18000000&vnp_Command=pay&vnp_CreateDate=20250904142355&vnp_CurrCode=VND&vnp_IpAddr=127.0.0.1&vnp_Locale=vn&vnp_OrderInfo=Thanh+to%C3%A1n+%C4%91%C6%A1n+h%C3%A0ng+%23174&vnp_ReturnUrl=http%3A%2F%2Flocalhost%3A3000%2Fthanhyou&vnp_TmnCode=M0V8RBA7&vnp_TxnRef=174&vnp_Version=2.1.0&vnp_SecureHashType=SHA512&vnp_SecureHash=997da1c725f40a1d51b5511522ab6378d9d467e5eb8ad04a544dada80ebec649021fad3f11f29ce68d34034c433caf5622b7e8c5085dc43fead92bccc410c0da
[2025-09-04 14:29:15,113] INFO django.utils.autoreload E:\WebGame\games\webgames\vnpay.py changed, reloading.
[2025-09-04 14:29:16,441] INFO django.utils.autoreload Watching for file changes with StatReloader
[2025-09-04 14:29:33,481] INFO django.utils.autoreload Watching for file changes with StatReloader
[2025-09-04 14:31:30,158] INFO django.utils.autoreload E:\WebGame\games\webgames\vnpay.py changed, reloading.
[2025-09-04 14:31:31,493] INFO django.utils.autoreload Watching for file changes with StatReloader
[2025-09-04 14:33:53,988] WARNING django.request Unauthorized: /users/current_user/
[2025-09-04 14:34:14,152] INFO root [VNPAY] queryString: vnp_Amount=18000000&vnp_Command=pay&vnp_CreateDate=20250904143414&vnp_CurrCode=VND&vnp_IpAddr=127.0.0.1&vnp_Locale=vn&vnp_OrderInfo=Thanh+to%C3%A1n+%C4%91%C6%A1n+h%C3%A0ng+%23175&vnp_ReturnUrl=http%3A%2F%2Flocalhost%3A3000%2Fthanhyou&vnp_TmnCode=M0V8RBA7&vnp_TxnRef=175&vnp_Version=2.1.0
[2025-09-04 14:34:14,152] INFO root [VNPAY] hashValue: 5ae4daad91c8745e500f4860bbc150fe1a6947353cb257a50f95a5be22641c204fbfe53622afb46b0a225d773ef1dea689309a2c56ddf70985a600c64ca54df0
[2025-09-04 14:34:14,152] INFO webgames.views [VNPAY] Payment URL generated: https://sandbox.vnpayment.vn/paymentv2/vpcpay.html?vnp_Amount=18000000&vnp_Command=pay&vnp_CreateDate=20250904143414&vnp_CurrCode=VND&vnp_IpAddr=127.0.0.1&vnp_Locale=vn&vnp_OrderInfo=Thanh+to%C3%A1n+%C4%91%C6%A1n+h%C3%A0ng+%23175&vnp_ReturnUrl=http%3A%2F%2Flocalhost%3A3000%2Fthanhyou&vnp_TmnCode=M0V8RBA7&vnp_TxnRef=175&vnp_Version=2.1.0&vnp_SecureHashType=SHA512&vnp_SecureHash=5ae4daad91c8745e500f4860bbc150fe1a6947353cb257a50f95a5be22641c204fbfe53622afb46b0a225d773ef1dea689309a2c56ddf70985a600c64ca54df0
[2025-09-04 14:35:06,865] INFO django.utils.autoreload Watching for file changes with StatReloader
[2025-09-04 14:35:12,717] INFO webgames.views [VNPAY] Request Data: {
  "vnp_Version": "2.1.0",
  "vnp_Command": "pay",
  "vnp_TmnCode": "M0V8RBA7",
  "vnp_Amount": "18000000",
  "vnp_CurrCode": "VND",
  "vnp_TxnRef": "176",
  "vnp_OrderInfo": "Thanh toÃ¡n ÄÆ¡n hÃ ng #176",
  "vnp_Locale": "vn",
  "vnp_ReturnUrl": "http://localhost:3000/thanhyou",
  "vnp_CreateDate": "20250904143512",
  "vnp_IpAddr": "127.0.0.1"
}
[2025-09-04 14:35:12,717] INFO root [VNPAY] Request Data: {
  "vnp_Version": "2.1.0",
  "vnp_Command": "pay",
  "vnp_TmnCode": "M0V8RBA7",
  "vnp_Amount": "18000000",
  "vnp_CurrCode": "VND",
  "vnp_TxnRef": "176",
  "vnp_OrderInfo": "Thanh toÃ¡n ÄÆ¡n hÃ ng #176",
  "vnp_Locale": "vn",
  "vnp_ReturnUrl": "http://localhost:3000/thanhyou",
  "vnp_CreateDate": "20250904143512",
  "vnp_IpAddr": "127.0.0.1"
}
[2025-09-04 14:35:12,717] INFO root [VNPAY] queryString: vnp_Amount=18000000&vnp_Command=pay&vnp_CreateDate=20250904143512&vnp_CurrCode=VND&vnp_IpAddr=127.0.0.1&vnp_Locale=vn&vnp_OrderInfo=Thanh+to%C3%A1n+%C4%91%C6%A1n+h%C3%A0ng+%23176&vnp_ReturnUrl=http%3A%2F%2Flocalhost%3A3000%2Fthanhyou&vnp_TmnCode=M0V8RBA7&vnp_TxnRef=176&vnp_Version=2.1.0
[2025-09-04 14:35:12,718] INFO root [VNPAY] hashValue: f8072e435a5373ceecc201b233e36f0cc815094eae8ffce8d5d7d78987b495a4c282b14e02726f5dadb3ef0652122e059bc2f91be00d15be78c8c2bfb6ff12ac
[2025-09-04 14:35:12,718] INFO webgames.views [VNPAY] Payment URL generated: https://sandbox.vnpayment.vn/paymentv2/vpcpay.html?vnp_Amount=18000000&vnp_Command=pay&vnp_CreateDate=20250904143512&vnp_CurrCode=VND&vnp_IpAddr=127.0.0.1&vnp_Locale=vn&vnp_OrderInfo=Thanh+to%C3%A1n+%C4%91%C6%A1n+h%C3%A0ng+%23176&vnp_ReturnUrl=http%3A%2F%2Flocalhost%3A3000%2Fthanhyou&vnp_TmnCode=M0V8RBA7&vnp_TxnRef=176&vnp_Version=2.1.0&vnp_SecureHashType=SHA512&vnp_SecureHash=f8072e435a5373ceecc201b233e36f0cc815094eae8ffce8d5d7d78987b495a4c282b14e02726f5dadb3ef0652122e059bc2f91be00d15be78c8c2bfb6ff12ac
[2025-09-04 14:37:07,177] INFO django.utils.autoreload E:\WebGame\games\webgames\vnpay.py changed, reloading.
[2025-09-04 14:37:08,588] INFO django.utils.autoreload Watching for file changes with StatReloader
[2025-09-04 14:40:00,423] INFO django.utils.autoreload E:\WebGame\games\webgames\vnpay.py changed, reloading.
[2025-09-04 14:40:01,639] INFO django.utils.autoreload Watching for file changes with StatReloader
[2025-09-04 14:40:09,911] INFO django.utils.autoreload Watching for file changes with StatReloader
[2025-09-04 14:41:22,170] WARNING django.request Unauthorized: /users/current_user/
[2025-09-04 14:41:37,979] INFO webgames.views [VNPAY] Request Data: {
  "vnp_Version": "2.1.0",
  "vnp_Command": "pay",
  "vnp_TmnCode": "M0V8RBA7",
  "vnp_Amount": "18000000",
  "vnp_CurrCode": "VND",
  "vnp_TxnRef": "177",
  "vnp_OrderInfo": "Thanh toÃ¡n ÄÆ¡n hÃ ng #177",
  "vnp_Locale": "vn",
  "vnp_ReturnUrl": "http://localhost:3000/thanhyou",
  "vnp_CreateDate": "20250904144137",
  "vnp_IpAddr": "127.0.0.1"
}
[2025-09-04 14:41:37,980] INFO root [VNPAY] Request Data:
{
  "vnp_Version": "2.1.0",
  "vnp_Command": "pay",
  "vnp_TmnCode": "M0V8RBA7",
  "vnp_Amount": "18000000",
  "vnp_CurrCode": "VND",
  "vnp_TxnRef": "177",
  "vnp_OrderInfo": "Thanh toÃ¡n ÄÆ¡n hÃ ng #177",
  "vnp_Locale": "vn",
  "vnp_ReturnUrl": "http://localhost:3000/thanhyou",
  "vnp_CreateDate": "20250904144137",
  "vnp_IpAddr": "127.0.0.1"
}
[2025-09-04 14:41:37,980] INFO root [VNPAY] queryString: vnp_Amount=18000000&vnp_Command=pay&vnp_CreateDate=20250904144137&vnp_CurrCode=VND&vnp_IpAddr=127.0.0.1&vnp_Locale=vn&vnp_OrderInfo=Thanh+to%C3%A1n+%C4%91%C6%A1n+h%C3%A0ng+%23177&vnp_ReturnUrl=http%3A%2F%2Flocalhost%3A3000%2Fthanhyou&vnp_TmnCode=M0V8RBA7&vnp_TxnRef=177&vnp_Version=2.1.0
[2025-09-04 14:41:37,981] INFO root [VNPAY] hashValue: 78ed73a080bc77063b59cafc4df91a5b15eeeb2cc8e681774837c77a568aa6e008aadcb3cb183bb4ba8ffc6e4cd0c95b3abf2c454f087a7b2612d5f5f74d4046
[2025-09-04 14:41:37,981] INFO webgames.views [VNPAY] Payment URL generated: https://sandbox.vnpayment.vn/paymentv2/vpcpay.html?vnp_Amount=18000000&vnp_Command=pay&vnp_CreateDate=20250904144137&vnp_CurrCode=VND&vnp_IpAddr=127.0.0.1&vnp_Locale=vn&vnp_OrderInfo=Thanh+to%C3%A1n+%C4%91%C6%A1n+h%C3%A0ng+%23177&vnp_ReturnUrl=http%3A%2F%2Flocalhost%3A3000%2Fthanhyou&vnp_TmnCode=M0V8RBA7&vnp_TxnRef=177&vnp_Version=2.1.0&vnp_SecureHashType=SHA512&vnp_SecureHash=78ed73a080bc77063b59cafc4df91a5b15eeeb2cc8e681774837c77a568aa6e008aadcb3cb183bb4ba8ffc6e4cd0c95b3abf2c454f087a7b2612d5f5f74d4046
[2025-09-04 14:42:55,191] INFO django.utils.autoreload E:\WebGame\games\webgames\vnpay.py changed, reloading.
[2025-09-04 14:42:56,875] INFO django.utils.autoreload Watching for file changes with StatReloader
[2025-09-04 14:54:03,569] INFO django.utils.autoreload E:\WebGame\games\webgames\vnpay.py changed, reloading.
[2025-09-04 14:54:04,873] INFO django.utils.autoreload Watching for file changes with StatReloader
[2025-09-04 14:54:36,756] INFO django.utils.autoreload E:\WebGame\games\webgames\views.py changed, reloading.
[2025-09-04 14:54:37,967] INFO django.utils.autoreload Watching for file changes with StatReloader
[2025-09-04 14:56:12,200] WARNING django.request Unauthorized: /users/current_user/
[2025-09-04 14:56:20,760] ERROR django.request Internal Server Error: /payments/vnpay/
Traceback (most recent call last):
  File "E:\WebGame\venv\games\Lib\site-packages\rest_framework\request.py", line 422, in __getattr__
    return getattr(_request, attr)
AttributeError: 'WSGIRequest' object has no attribute 'remote_addr'

During handling of the above exception, another exception occurred:

Traceback (most recent call last):
  File "E:\WebGame\venv\games\Lib\site-packages\django\core\handlers\exception.py", line 55, in inner
    response = get_response(request)
  File "E:\WebGame\venv\games\Lib\site-packages\django\core\handlers\base.py", line 197, in _get_response
    response = wrapped_callback(request, *callback_args, **callback_kwargs)
  File "E:\WebGame\venv\games\Lib\site-packages\django\views\decorators\csrf.py", line 65, in _view_wrapper
    return view_func(request, *args, **kwargs)
  File "E:\WebGame\venv\games\Lib\site-packages\rest_framework\viewsets.py", line 125, in view
    return self.dispatch(request, *args, **kwargs)
           ~~~~~~~~~~~~~^^^^^^^^^^^^^^^^^^^^^^^^^^
  File "E:\WebGame\venv\games\Lib\site-packages\rest_framework\views.py", line 515, in dispatch
    response = self.handle_exception(exc)
  File "E:\WebGame\venv\games\Lib\site-packages\rest_framework\views.py", line 475, in handle_exception
    self.raise_uncaught_exception(exc)
    ~~~~~~~~~~~~~~~~~~~~~~~~~~~~~^^^^^
  File "E:\WebGame\venv\games\Lib\site-packages\rest_framework\views.py", line 486, in raise_uncaught_exception
    raise exc
  File "E:\WebGame\venv\games\Lib\site-packages\rest_framework\views.py", line 512, in dispatch
    response = handler(request, *args, **kwargs)
  File "E:\WebGame\games\webgames\views.py", line 194, in create_vnpay_payment
    vnp.requestData['vnp_IpAddr'] = request.remote_addr
                                    ^^^^^^^^^^^^^^^^^^^
  File "E:\WebGame\venv\games\Lib\site-packages\rest_framework\request.py", line 424, in __getattr__
    raise AttributeError(f"'{self.__class__.__name__}' object has no attribute '{attr}'")
AttributeError: 'Request' object has no attribute 'remote_addr'
[2025-09-04 14:57:40,672] INFO django.utils.autoreload E:\WebGame\games\webgames\vnpay.py changed, reloading.
[2025-09-04 14:57:41,861] INFO django.utils.autoreload Watching for file changes with StatReloader
[2025-09-04 15:00:08,643] INFO django.utils.autoreload E:\WebGame\games\webgames\views.py changed, reloading.
[2025-09-04 15:00:09,991] INFO django.utils.autoreload Watching for file changes with StatReloader
[2025-09-04 15:00:11,749] INFO webgames.views [VNPAY] Request Data: {
  "vnp_Version": "2.1.0",
  "vnp_Command": "pay",
  "vnp_TmnCode": "M0V8RBA7",
  "vnp_Amount": 18000000,
  "vnp_CurrCode": "VND",
  "vnp_TxnRef": "179",
  "vnp_OrderInfo": "Thanh toÃ¡n ÄÆ¡n hÃ ng #179",
  "vnp_Locale": "vn",
  "vnp_ReturnUrl": "http://localhost:3000/thanhyou",
  "vnp_CreateDate": "20250904150011",
  "vnp_IpAddr": "127.0.0.1"
}
[2025-09-04 15:00:11,750] INFO root [VNPAY] Request Data:
{
  "vnp_Version": "2.1.0",
  "vnp_Command": "pay",
  "vnp_TmnCode": "M0V8RBA7",
  "vnp_Amount": 18000000,
  "vnp_CurrCode": "VND",
  "vnp_TxnRef": "179",
  "vnp_OrderInfo": "Thanh toÃ¡n ÄÆ¡n hÃ ng #179",
  "vnp_Locale": "vn",
  "vnp_ReturnUrl": "http://localhost:3000/thanhyou",
  "vnp_CreateDate": "20250904150011",
  "vnp_IpAddr": "127.0.0.1"
}
[2025-09-04 15:00:11,750] INFO root [VNPAY] queryString: vnp_Amount=18000000&vnp_Command=pay&vnp_CreateDate=20250904150011&vnp_CurrCode=VND&vnp_IpAddr=127.0.0.1&vnp_Locale=vn&vnp_OrderInfo=Thanh+to%C3%A1n+%C4%91%C6%A1n+h%C3%A0ng+%23179&vnp_ReturnUrl=http%3A%2F%2Flocalhost%3A3000%2Fthanhyou&vnp_TmnCode=M0V8RBA7&vnp_TxnRef=179&vnp_Version=2.1.0
[2025-09-04 15:00:11,750] INFO root [VNPAY] hashValue: 67025c5b91205052af8ca45bec999540a3a32555cfa5a84c7b7f3720b25f1e7f78453769503413a5e007915268641f488e39bbbbc31167c49b7f0779d9b6ba3d
[2025-09-04 15:00:11,751] INFO webgames.views [VNPAY] Payment URL generated: https://sandbox.vnpayment.vn/paymentv2/vpcpay.html?vnp_Amount=18000000&vnp_Command=pay&vnp_CreateDate=20250904150011&vnp_CurrCode=VND&vnp_IpAddr=127.0.0.1&vnp_Locale=vn&vnp_OrderInfo=Thanh+to%C3%A1n+%C4%91%C6%A1n+h%C3%A0ng+%23179&vnp_ReturnUrl=http%3A%2F%2Flocalhost%3A3000%2Fthanhyou&vnp_TmnCode=M0V8RBA7&vnp_TxnRef=179&vnp_Version=2.1.0&vnp_SecureHash=67025c5b91205052af8ca45bec999540a3a32555cfa5a84c7b7f3720b25f1e7f78453769503413a5e007915268641f488e39bbbbc31167c49b7f0779d9b6ba3d
[2025-09-04 15:00:40,113] INFO webgames.views [VNPAY] Request Data: {
  "vnp_Version": "2.1.0",
  "vnp_Command": "pay",
  "vnp_TmnCode": "M0V8RBA7",
  "vnp_Amount": 18000000,
  "vnp_CurrCode": "VND",
  "vnp_TxnRef": "180",
  "vnp_OrderInfo": "Thanh toÃ¡n ÄÆ¡n hÃ ng #180",
  "vnp_Locale": "vn",
  "vnp_ReturnUrl": "http://localhost:3000/thanhyou",
  "vnp_CreateDate": "20250904150040",
  "vnp_IpAddr": "127.0.0.1"
}
[2025-09-04 15:00:40,113] INFO root [VNPAY] Request Data:
{
  "vnp_Version": "2.1.0",
  "vnp_Command": "pay",
  "vnp_TmnCode": "M0V8RBA7",
  "vnp_Amount": 18000000,
  "vnp_CurrCode": "VND",
  "vnp_TxnRef": "180",
  "vnp_OrderInfo": "Thanh toÃ¡n ÄÆ¡n hÃ ng #180",
  "vnp_Locale": "vn",
  "vnp_ReturnUrl": "http://localhost:3000/thanhyou",
  "vnp_CreateDate": "20250904150040",
  "vnp_IpAddr": "127.0.0.1"
}
[2025-09-04 15:00:40,114] INFO root [VNPAY] queryString: vnp_Amount=18000000&vnp_Command=pay&vnp_CreateDate=20250904150040&vnp_CurrCode=VND&vnp_IpAddr=127.0.0.1&vnp_Locale=vn&vnp_OrderInfo=Thanh+to%C3%A1n+%C4%91%C6%A1n+h%C3%A0ng+%23180&vnp_ReturnUrl=http%3A%2F%2Flocalhost%3A3000%2Fthanhyou&vnp_TmnCode=M0V8RBA7&vnp_TxnRef=180&vnp_Version=2.1.0
[2025-09-04 15:00:40,114] INFO root [VNPAY] hashValue: d78eea705c3fd8128bce685978998aa0beeeaf7b62e316aca8ce7f517ec96c91278699c98099e60c4da1da1afbbc64581fdd60999040c7fdcae78a358a1df1e2
[2025-09-04 15:00:40,114] INFO webgames.views [VNPAY] Payment URL generated: https://sandbox.vnpayment.vn/paymentv2/vpcpay.html?vnp_Amount=18000000&vnp_Command=pay&vnp_CreateDate=20250904150040&vnp_CurrCode=VND&vnp_IpAddr=127.0.0.1&vnp_Locale=vn&vnp_OrderInfo=Thanh+to%C3%A1n+%C4%91%C6%A1n+h%C3%A0ng+%23180&vnp_ReturnUrl=http%3A%2F%2Flocalhost%3A3000%2Fthanhyou&vnp_TmnCode=M0V8RBA7&vnp_TxnRef=180&vnp_Version=2.1.0&vnp_SecureHash=d78eea705c3fd8128bce685978998aa0beeeaf7b62e316aca8ce7f517ec96c91278699c98099e60c4da1da1afbbc64581fdd60999040c7fdcae78a358a1df1e2
[2025-09-04 15:00:42,795] INFO webgames.views [VNPAY] Request Data: {
  "vnp_Version": "2.1.0",
  "vnp_Command": "pay",
  "vnp_TmnCode": "M0V8RBA7",
  "vnp_Amount": 18000000,
  "vnp_CurrCode": "VND",
  "vnp_TxnRef": "181",
  "vnp_OrderInfo": "Thanh toÃ¡n ÄÆ¡n hÃ ng #181",
  "vnp_Locale": "vn",
  "vnp_ReturnUrl": "http://localhost:3000/thanhyou",
  "vnp_CreateDate": "20250904150042",
  "vnp_IpAddr": "127.0.0.1"
}
[2025-09-04 15:00:42,796] INFO root [VNPAY] Request Data:
{
  "vnp_Version": "2.1.0",
  "vnp_Command": "pay",
  "vnp_TmnCode": "M0V8RBA7",
  "vnp_Amount": 18000000,
  "vnp_CurrCode": "VND",
  "vnp_TxnRef": "181",
  "vnp_OrderInfo": "Thanh toÃ¡n ÄÆ¡n hÃ ng #181",
  "vnp_Locale": "vn",
  "vnp_ReturnUrl": "http://localhost:3000/thanhyou",
  "vnp_CreateDate": "20250904150042",
  "vnp_IpAddr": "127.0.0.1"
}
[2025-09-04 15:00:42,797] INFO root [VNPAY] queryString: vnp_Amount=18000000&vnp_Command=pay&vnp_CreateDate=20250904150042&vnp_CurrCode=VND&vnp_IpAddr=127.0.0.1&vnp_Locale=vn&vnp_OrderInfo=Thanh+to%C3%A1n+%C4%91%C6%A1n+h%C3%A0ng+%23181&vnp_ReturnUrl=http%3A%2F%2Flocalhost%3A3000%2Fthanhyou&vnp_TmnCode=M0V8RBA7&vnp_TxnRef=181&vnp_Version=2.1.0
[2025-09-04 15:00:42,797] INFO root [VNPAY] hashValue: a2d83e35fadc63ecccb754adeef324643def022e107f1ce284b54422475663f6e12a6b59c7deaa2b6556ca1e34c0151a2c4481e0892788bfb88283821a180478
[2025-09-04 15:00:42,797] INFO webgames.views [VNPAY] Payment URL generated: https://sandbox.vnpayment.vn/paymentv2/vpcpay.html?vnp_Amount=18000000&vnp_Command=pay&vnp_CreateDate=20250904150042&vnp_CurrCode=VND&vnp_IpAddr=127.0.0.1&vnp_Locale=vn&vnp_OrderInfo=Thanh+to%C3%A1n+%C4%91%C6%A1n+h%C3%A0ng+%23181&vnp_ReturnUrl=http%3A%2F%2Flocalhost%3A3000%2Fthanhyou&vnp_TmnCode=M0V8RBA7&vnp_TxnRef=181&vnp_Version=2.1.0&vnp_SecureHash=a2d83e35fadc63ecccb754adeef324643def022e107f1ce284b54422475663f6e12a6b59c7deaa2b6556ca1e34c0151a2c4481e0892788bfb88283821a180478
[2025-09-04 15:01:36,581] WARNING django.request Unauthorized: /orders/
[2025-09-04 15:02:13,442] INFO webgames.views [VNPAY] Request Data: {
  "vnp_Version": "2.1.0",
  "vnp_Command": "pay",
  "vnp_TmnCode": "M0V8RBA7",
  "vnp_Amount": 18000000,
  "vnp_CurrCode": "VND",
  "vnp_TxnRef": "182",
  "vnp_OrderInfo": "Thanh toÃ¡n ÄÆ¡n hÃ ng #182",
  "vnp_Locale": "vn",
  "vnp_ReturnUrl": "http://localhost:3000/thanhyou",
  "vnp_CreateDate": "20250904150213",
  "vnp_IpAddr": "127.0.0.1"
}
[2025-09-04 15:02:13,442] INFO root [VNPAY] Request Data:
{
  "vnp_Version": "2.1.0",
  "vnp_Command": "pay",
  "vnp_TmnCode": "M0V8RBA7",
  "vnp_Amount": 18000000,
  "vnp_CurrCode": "VND",
  "vnp_TxnRef": "182",
  "vnp_OrderInfo": "Thanh toÃ¡n ÄÆ¡n hÃ ng #182",
  "vnp_Locale": "vn",
  "vnp_ReturnUrl": "http://localhost:3000/thanhyou",
  "vnp_CreateDate": "20250904150213",
  "vnp_IpAddr": "127.0.0.1"
}
[2025-09-04 15:02:13,443] INFO root [VNPAY] queryString: vnp_Amount=18000000&vnp_Command=pay&vnp_CreateDate=20250904150213&vnp_CurrCode=VND&vnp_IpAddr=127.0.0.1&vnp_Locale=vn&vnp_OrderInfo=Thanh+to%C3%A1n+%C4%91%C6%A1n+h%C3%A0ng+%23182&vnp_ReturnUrl=http%3A%2F%2Flocalhost%3A3000%2Fthanhyou&vnp_TmnCode=M0V8RBA7&vnp_TxnRef=182&vnp_Version=2.1.0
[2025-09-04 15:02:13,443] INFO root [VNPAY] hashValue: 625e211380263a31ed736306d15e82dea0d5f7f786ebef4967dddca7958a0ee7041cc82ff149db489bec6bc15157497ff96833574fc8e0ac3f32cc891fb3000f
[2025-09-04 15:02:13,443] INFO webgames.views [VNPAY] Payment URL generated: https://sandbox.vnpayment.vn/paymentv2/vpcpay.html?vnp_Amount=18000000&vnp_Command=pay&vnp_CreateDate=20250904150213&vnp_CurrCode=VND&vnp_IpAddr=127.0.0.1&vnp_Locale=vn&vnp_OrderInfo=Thanh+to%C3%A1n+%C4%91%C6%A1n+h%C3%A0ng+%23182&vnp_ReturnUrl=http%3A%2F%2Flocalhost%3A3000%2Fthanhyou&vnp_TmnCode=M0V8RBA7&vnp_TxnRef=182&vnp_Version=2.1.0&vnp_SecureHash=625e211380263a31ed736306d15e82dea0d5f7f786ebef4967dddca7958a0ee7041cc82ff149db489bec6bc15157497ff96833574fc8e0ac3f32cc891fb3000f
[2025-09-04 15:09:58,295] INFO django.utils.autoreload E:\WebGame\games\webgames\views.py changed, reloading.
[2025-09-04 15:09:59,764] INFO django.utils.autoreload Watching for file changes with StatReloader
[2025-09-04 15:10:00,426] WARNING django.request Unauthorized: /users/current_user/
[2025-09-04 15:10:03,274] WARNING django.request Unauthorized: /carts/add_item/
[2025-09-04 15:10:05,966] WARNING django.request Unauthorized: /orders/
[2025-09-04 15:10:07,490] WARNING django.request Unauthorized: /orders/
[2025-09-04 15:10:27,048] WARNING django.request Unauthorized: /users/current_user/
[2025-09-04 15:10:29,758] WARNING django.request Unauthorized: /carts/add_item/
[2025-09-04 15:10:33,095] WARNING django.request Unauthorized: /orders/
[2025-09-04 15:12:10,579] WARNING django.request Unauthorized: /users/login/
[2025-09-04 15:12:17,823] WARNING django.request Unauthorized: /users/login/
[2025-09-04 15:12:23,611] WARNING django.request Unauthorized: /users/login/
[2025-09-04 15:15:34,219] INFO webgames.views [VNPAY] Request Data: {
  "vnp_Version": "2.1.0",
  "vnp_Command": "pay",
  "vnp_TmnCode": "M0V8RBA7",
  "vnp_Amount": 18000000,
  "vnp_CurrCode": "VND",
  "vnp_TxnRef": 183,
  "vnp_OrderInfo": "Thanh toÃ¡n ÄÆ¡n hÃ ng #183",
  "vnp_OrderType": "billpayment",
  "vnp_Locale": "vn",
  "vnp_ReturnUrl": "http://localhost:3000/thanhyou",
  "vnp_CreateDate": "20250904151534",
  "vnp_IpAddr": "127.0.0.1"
}
[2025-09-04 15:15:34,220] INFO root [VNPAY] Request Data:
{
  "vnp_Version": "2.1.0",
  "vnp_Command": "pay",
  "vnp_TmnCode": "M0V8RBA7",
  "vnp_Amount": 18000000,
  "vnp_CurrCode": "VND",
  "vnp_TxnRef": 183,
  "vnp_OrderInfo": "Thanh toÃ¡n ÄÆ¡n hÃ ng #183",
  "vnp_OrderType": "billpayment",
  "vnp_Locale": "vn",
  "vnp_ReturnUrl": "http://localhost:3000/thanhyou",
  "vnp_CreateDate": "20250904151534",
  "vnp_IpAddr": "127.0.0.1"
}
[2025-09-04 15:15:34,220] INFO root [VNPAY] queryString: vnp_Amount=18000000&vnp_Command=pay&vnp_CreateDate=20250904151534&vnp_CurrCode=VND&vnp_IpAddr=127.0.0.1&vnp_Locale=vn&vnp_OrderInfo=Thanh+to%C3%A1n+%C4%91%C6%A1n+h%C3%A0ng+%23183&vnp_OrderType=billpayment&vnp_ReturnUrl=http%3A%2F%2Flocalhost%3A3000%2Fthanhyou&vnp_TmnCode=M0V8RBA7&vnp_TxnRef=183&vnp_Version=2.1.0
[2025-09-04 15:15:34,220] INFO root [VNPAY] hashValue: 34900f0ace33a3fc75c923cc4fff8842cf1511264e35f988c2ead97ff342972de6b27305b940a448b5cb2aeddc77635aaef1ef9219d0785006c00a0a3cbeaec8
[2025-09-04 15:15:34,221] INFO webgames.views [VNPAY] Payment URL generated: https://sandbox.vnpayment.vn/paymentv2/vpcpay.html?vnp_Amount=18000000&vnp_Command=pay&vnp_CreateDate=20250904151534&vnp_CurrCode=VND&vnp_IpAddr=127.0.0.1&vnp_Locale=vn&vnp_OrderInfo=Thanh+to%C3%A1n+%C4%91%C6%A1n+h%C3%A0ng+%23183&vnp_OrderType=billpayment&vnp_ReturnUrl=http%3A%2F%2Flocalhost%3A3000%2Fthanhyou&vnp_TmnCode=M0V8RBA7&vnp_TxnRef=183&vnp_Version=2.1.0&vnp_SecureHash=34900f0ace33a3fc75c923cc4fff8842cf1511264e35f988c2ead97ff342972de6b27305b940a448b5cb2aeddc77635aaef1ef9219d0785006c00a0a3cbeaec8
[2025-09-04 15:16:46,142] INFO webgames.views [VNPAY] Request Data: {
  "vnp_Version": "2.1.0",
  "vnp_Command": "pay",
  "vnp_TmnCode": "M0V8RBA7",
  "vnp_Amount": 18000000,
  "vnp_CurrCode": "VND",
  "vnp_TxnRef": 184,
  "vnp_OrderInfo": "Thanh toÃ¡n ÄÆ¡n hÃ ng #184",
  "vnp_OrderType": "billpayment",
  "vnp_Locale": "vn",
  "vnp_ReturnUrl": "http://localhost:3000/thanhyou",
  "vnp_CreateDate": "20250904151646",
  "vnp_IpAddr": "127.0.0.1"
}
[2025-09-04 15:16:46,143] INFO root [VNPAY] Request Data:
{
  "vnp_Version": "2.1.0",
  "vnp_Command": "pay",
  "vnp_TmnCode": "M0V8RBA7",
  "vnp_Amount": 18000000,
  "vnp_CurrCode": "VND",
  "vnp_TxnRef": 184,
  "vnp_OrderInfo": "Thanh toÃ¡n ÄÆ¡n hÃ ng #184",
  "vnp_OrderType": "billpayment",
  "vnp_Locale": "vn",
  "vnp_ReturnUrl": "http://localhost:3000/thanhyou",
  "vnp_CreateDate": "20250904151646",
  "vnp_IpAddr": "127.0.0.1"
}
[2025-09-04 15:16:46,144] INFO root [VNPAY] queryString: vnp_Amount=18000000&vnp_Command=pay&vnp_CreateDate=20250904151646&vnp_CurrCode=VND&vnp_IpAddr=127.0.0.1&vnp_Locale=vn&vnp_OrderInfo=Thanh+to%C3%A1n+%C4%91%C6%A1n+h%C3%A0ng+%23184&vnp_OrderType=billpayment&vnp_ReturnUrl=http%3A%2F%2Flocalhost%3A3000%2Fthanhyou&vnp_TmnCode=M0V8RBA7&vnp_TxnRef=184&vnp_Version=2.1.0
[2025-09-04 15:16:46,144] INFO root [VNPAY] hashValue: 2bf26c96ad470da4ce6b6730a948ab918730a75d97ddea7ed6c32d20d0421933486c59ded24c9bf1cf6140e646d11ddbd5b8e78ed14320cf72f3213629c1daee
[2025-09-04 15:16:46,144] INFO webgames.views [VNPAY] Payment URL generated: https://sandbox.vnpayment.vn/paymentv2/vpcpay.html?vnp_Amount=18000000&vnp_Command=pay&vnp_CreateDate=20250904151646&vnp_CurrCode=VND&vnp_IpAddr=127.0.0.1&vnp_Locale=vn&vnp_OrderInfo=Thanh+to%C3%A1n+%C4%91%C6%A1n+h%C3%A0ng+%23184&vnp_OrderType=billpayment&vnp_ReturnUrl=http%3A%2F%2Flocalhost%3A3000%2Fthanhyou&vnp_TmnCode=M0V8RBA7&vnp_TxnRef=184&vnp_Version=2.1.0&vnp_SecureHash=2bf26c96ad470da4ce6b6730a948ab918730a75d97ddea7ed6c32d20d0421933486c59ded24c9bf1cf6140e646d11ddbd5b8e78ed14320cf72f3213629c1daee
[2025-09-04 15:18:14,280] INFO webgames.views [VNPAY] Request Data: {
  "vnp_Version": "2.1.0",
  "vnp_Command": "pay",
  "vnp_TmnCode": "M0V8RBA7",
  "vnp_Amount": 18000000,
  "vnp_CurrCode": "VND",
  "vnp_TxnRef": 185,
  "vnp_OrderInfo": "Thanh toÃ¡n ÄÆ¡n hÃ ng #185",
  "vnp_OrderType": "billpayment",
  "vnp_Locale": "vn",
  "vnp_ReturnUrl": "http://localhost:3000/thanhyou",
  "vnp_CreateDate": "20250904151814",
  "vnp_IpAddr": "127.0.0.1"
}
[2025-09-04 15:18:14,281] INFO root [VNPAY] Request Data:
{
  "vnp_Version": "2.1.0",
  "vnp_Command": "pay",
  "vnp_TmnCode": "M0V8RBA7",
  "vnp_Amount": 18000000,
  "vnp_CurrCode": "VND",
  "vnp_TxnRef": 185,
  "vnp_OrderInfo": "Thanh toÃ¡n ÄÆ¡n hÃ ng #185",
  "vnp_OrderType": "billpayment",
  "vnp_Locale": "vn",
  "vnp_ReturnUrl": "http://localhost:3000/thanhyou",
  "vnp_CreateDate": "20250904151814",
  "vnp_IpAddr": "127.0.0.1"
}
[2025-09-04 15:18:14,282] INFO root [VNPAY] queryString: vnp_Amount=18000000&vnp_Command=pay&vnp_CreateDate=20250904151814&vnp_CurrCode=VND&vnp_IpAddr=127.0.0.1&vnp_Locale=vn&vnp_OrderInfo=Thanh+to%C3%A1n+%C4%91%C6%A1n+h%C3%A0ng+%23185&vnp_OrderType=billpayment&vnp_ReturnUrl=http%3A%2F%2Flocalhost%3A3000%2Fthanhyou&vnp_TmnCode=M0V8RBA7&vnp_TxnRef=185&vnp_Version=2.1.0
[2025-09-04 15:18:14,282] INFO root [VNPAY] hashValue: 9a291f85781def8833413147a0eb24a7403b253d9efefed63cf4ea17bb56de026a71447ed79a88dfe7b1aba310df82f3ac172a675ed60a19357b8f8bfa04bf6c
[2025-09-04 15:18:14,283] INFO webgames.views [VNPAY] Payment URL generated: https://sandbox.vnpayment.vn/paymentv2/vpcpay.html?vnp_Amount=18000000&vnp_Command=pay&vnp_CreateDate=20250904151814&vnp_CurrCode=VND&vnp_IpAddr=127.0.0.1&vnp_Locale=vn&vnp_OrderInfo=Thanh+to%C3%A1n+%C4%91%C6%A1n+h%C3%A0ng+%23185&vnp_OrderType=billpayment&vnp_ReturnUrl=http%3A%2F%2Flocalhost%3A3000%2Fthanhyou&vnp_TmnCode=M0V8RBA7&vnp_TxnRef=185&vnp_Version=2.1.0&vnp_SecureHash=9a291f85781def8833413147a0eb24a7403b253d9efefed63cf4ea17bb56de026a71447ed79a88dfe7b1aba310df82f3ac172a675ed60a19357b8f8bfa04bf6c
[2025-09-04 15:18:32,023] INFO webgames.views [VNPAY] Request Data: {
  "vnp_Version": "2.1.0",
  "vnp_Command": "pay",
  "vnp_TmnCode": "M0V8RBA7",
  "vnp_Amount": 18000000,
  "vnp_CurrCode": "VND",
  "vnp_TxnRef": 186,
  "vnp_OrderInfo": "Thanh toÃ¡n ÄÆ¡n hÃ ng #186",
  "vnp_OrderType": "billpayment",
  "vnp_Locale": "vn",
  "vnp_ReturnUrl": "http://localhost:3000/thanhyou",
  "vnp_CreateDate": "20250904151832",
  "vnp_IpAddr": "127.0.0.1"
}
[2025-09-04 15:18:32,024] INFO root [VNPAY] Request Data:
{
  "vnp_Version": "2.1.0",
  "vnp_Command": "pay",
  "vnp_TmnCode": "M0V8RBA7",
  "vnp_Amount": 18000000,
  "vnp_CurrCode": "VND",
  "vnp_TxnRef": 186,
  "vnp_OrderInfo": "Thanh toÃ¡n ÄÆ¡n hÃ ng #186",
  "vnp_OrderType": "billpayment",
  "vnp_Locale": "vn",
  "vnp_ReturnUrl": "http://localhost:3000/thanhyou",
  "vnp_CreateDate": "20250904151832",
  "vnp_IpAddr": "127.0.0.1"
}
[2025-09-04 15:18:32,025] INFO root [VNPAY] queryString: vnp_Amount=18000000&vnp_Command=pay&vnp_CreateDate=20250904151832&vnp_CurrCode=VND&vnp_IpAddr=127.0.0.1&vnp_Locale=vn&vnp_OrderInfo=Thanh+to%C3%A1n+%C4%91%C6%A1n+h%C3%A0ng+%23186&vnp_OrderType=billpayment&vnp_ReturnUrl=http%3A%2F%2Flocalhost%3A3000%2Fthanhyou&vnp_TmnCode=M0V8RBA7&vnp_TxnRef=186&vnp_Version=2.1.0
[2025-09-04 15:18:32,025] INFO root [VNPAY] hashValue: 44957db71d269385eae3f5cd9a68974f0ce330597db5cf60df274fcc0fd6b5a74f172fe9bdf364640c4708fa5fd1c3c37e2a623f909743571ba068ad490ab23f
[2025-09-04 15:18:32,025] INFO webgames.views [VNPAY] Payment URL generated: https://sandbox.vnpayment.vn/paymentv2/vpcpay.html?vnp_Amount=18000000&vnp_Command=pay&vnp_CreateDate=20250904151832&vnp_CurrCode=VND&vnp_IpAddr=127.0.0.1&vnp_Locale=vn&vnp_OrderInfo=Thanh+to%C3%A1n+%C4%91%C6%A1n+h%C3%A0ng+%23186&vnp_OrderType=billpayment&vnp_ReturnUrl=http%3A%2F%2Flocalhost%3A3000%2Fthanhyou&vnp_TmnCode=M0V8RBA7&vnp_TxnRef=186&vnp_Version=2.1.0&vnp_SecureHash=44957db71d269385eae3f5cd9a68974f0ce330597db5cf60df274fcc0fd6b5a74f172fe9bdf364640c4708fa5fd1c3c37e2a623f909743571ba068ad490ab23f
[2025-09-04 15:20:54,078] INFO django.utils.autoreload E:\WebGame\games\Web\settings.py changed, reloading.
[2025-09-04 15:20:55,456] INFO django.utils.autoreload Watching for file changes with StatReloader
[2025-09-04 15:32:22,883] INFO django.utils.autoreload E:\WebGame\games\Web\settings.py changed, reloading.
